[0.020s] Invoking command in '/home/abishalini/ws_ros2/src/moveit2/build/moveit_servo': CMAKE_PREFIX_PATH=${CMAKE_PREFIX_PATH}:/opt/ros/foxy PS1=\u@\h \[\e[1;34m\]\w \[\e[32m\]$(git_branch)\[\e[00m\]$ /usr/bin/cmake --build /home/abishalini/ws_ros2/src/moveit2/build/moveit_servo -- -j8 -l8
[0.120s] [  5%] Built target gtest_main
[0.121s] [ 11%] Built target gtest
[0.134s] [ 17%] Built target fake_command_publisher
[0.138s] [ 23%] Built target test_servo_parameters_node
[0.150s] [ 29%] Built target servo_controller_input
[0.190s] [ 35%] Built target test_servo_collision
[0.193s] [ 41%] Built target test_servo_singularity
[0.197s] [ 47%] Built target test_servo_integration
[0.201s] [ 64%] Built target moveit_servo
[0.236s] [35m[1mScanning dependencies of target pose_tracking[0m
[0.262s] [ 70%] Built target test_low_pass_filter
[0.272s] [ 76%] Built target test_servo_parameters
[0.292s] [ 82%] Built target servo_server
[0.294s] [ 88%] Built target test_servo
[0.297s] [ 94%] Built target servo_cpp_demo
[0.334s] [ 97%] [32mBuilding CXX object CMakeFiles/pose_tracking.dir/src/pose_tracking.cpp.o[0m
[6.692s] In file included from [01m[K/usr/include/c++/9/ext/alloc_traits.h:36[m[K,
[6.693s]                  from [01m[K/usr/include/c++/9/bits/stl_construct.h:61[m[K,
[6.693s]                  from [01m[K/usr/include/c++/9/memory:64[m[K,
[6.693s]                  from [01m[K/opt/ros/foxy/include/control_toolbox/pid.hpp:37[m[K,
[6.693s]                  from [01m[K/home/abishalini/ws_ros2/src/moveit2/moveit_ros/moveit_servo/include/moveit_servo/pose_tracking.h:42[m[K,
[6.693s]                  from [01m[K/home/abishalini/ws_ros2/src/moveit2/moveit_ros/moveit_servo/src/pose_tracking.cpp:35[m[K:
[6.693s] /usr/include/c++/9/bits/alloc_traits.h: In instantiation of ‘[01m[Kstruct std::allocator_traits<std::allocator<const std::shared_ptr<const geometry_msgs::msg::PoseStamped_<std::allocator<void> > >&> >[m[K’:
[6.693s] [01m[K/opt/ros/foxy/include/rclcpp/message_memory_strategy.hpp:47:9:[m[K   required from ‘[01m[Kclass rclcpp::message_memory_strategy::MessageMemoryStrategy<const std::shared_ptr<const geometry_msgs::msg::PoseStamped_<std::allocator<void> > >&, std::allocator<void> >[m[K’
[6.693s] [01m[K/opt/ros/foxy/include/rclcpp/node_impl.hpp:91:1:[m[K   required by substitution of ‘[01m[Ktemplate<class MessageT, class CallbackT, class AllocatorT, class CallbackMessageT, class SubscriptionT, class MessageMemoryStrategyT> std::shared_ptr<SubscriptionT> rclcpp::Node::create_subscription(const string&, const rclcpp::QoS&, CallbackT&&, const rclcpp::SubscriptionOptionsWithAllocator<AllocatorT>&, typename MessageMemoryStrategyT::SharedPtr) [with MessageT = geometry_msgs::msg::PoseStamped_<std::allocator<void> >; CallbackT = std::_Bind<void (moveit_servo::PoseTracking::*(moveit_servo::PoseTracking*, std::_Placeholder<1>))(const std::shared_ptr<const geometry_msgs::msg::PoseStamped_<std::allocator<void> > >&)>; AllocatorT = std::allocator<void>; CallbackMessageT = const std::shared_ptr<const geometry_msgs::msg::PoseStamped_<std::allocator<void> > >&; SubscriptionT = rclcpp::Subscription<const std::shared_ptr<const geometry_msgs::msg::PoseStamped_<std::allocator<void> > >&, std::allocator<void>, rclcpp::message_memory_strategy::MessageMemoryStrategy<const std::shared_ptr<const geometry_msgs::msg::PoseStamped_<std::allocator<void> > >&, std::allocator<void> > >; MessageMemoryStrategyT = rclcpp::message_memory_strategy::MessageMemoryStrategy<const std::shared_ptr<const geometry_msgs::msg::PoseStamped_<std::allocator<void> > >&, std::allocator<void> >][m[K’
[6.693s] [01m[K/home/abishalini/ws_ros2/src/moveit2/moveit_ros/moveit_servo/src/pose_tracking.cpp:74:98:[m[K   required from here
[6.693s] [01m[K/usr/include/c++/9/bits/alloc_traits.h:400:13:[m[K [01;31m[Kerror: [m[Kforming pointer to reference type ‘[01m[Kconst std::shared_ptr<const geometry_msgs::msg::PoseStamped_<std::allocator<void> > >&[m[K’
[6.693s]   400 |       using [01;31m[Kpointer[m[K = _Tp*;
[6.694s]       |             [01;31m[K^~~~~~~[m[K
[6.694s] [01m[K/usr/include/c++/9/bits/alloc_traits.h:403:13:[m[K [01;31m[Kerror: [m[Kforming pointer to reference type ‘[01m[Kconst std::shared_ptr<const geometry_msgs::msg::PoseStamped_<std::allocator<void> > >&[m[K’
[6.694s]   403 |       using [01;31m[Kconst_pointer[m[K = const _Tp*;
[6.694s]       |             [01;31m[K^~~~~~~~~~~~~[m[K
[6.697s] In file included from [01m[K/usr/include/c++/9/memory:80[m[K,
[6.697s]                  from [01m[K/opt/ros/foxy/include/control_toolbox/pid.hpp:37[m[K,
[6.697s]                  from [01m[K/home/abishalini/ws_ros2/src/moveit2/moveit_ros/moveit_servo/include/moveit_servo/pose_tracking.h:42[m[K,
[6.697s]                  from [01m[K/home/abishalini/ws_ros2/src/moveit2/moveit_ros/moveit_servo/src/pose_tracking.cpp:35[m[K:
[6.697s] /usr/include/c++/9/bits/unique_ptr.h: In instantiation of ‘[01m[Kstruct std::default_delete<const std::shared_ptr<const geometry_msgs::msg::PoseStamped_<std::allocator<void> > >&>[m[K’:
[6.697s] [01m[K/opt/ros/foxy/include/rclcpp/message_memory_strategy.hpp:119:18:[m[K   required from ‘[01m[Kclass rclcpp::message_memory_strategy::MessageMemoryStrategy<const std::shared_ptr<const geometry_msgs::msg::PoseStamped_<std::allocator<void> > >&, std::allocator<void> >[m[K’
[6.697s] [01m[K/opt/ros/foxy/include/rclcpp/node_impl.hpp:91:1:[m[K   required by substitution of ‘[01m[Ktemplate<class MessageT, class CallbackT, class AllocatorT, class CallbackMessageT, class SubscriptionT, class MessageMemoryStrategyT> std::shared_ptr<SubscriptionT> rclcpp::Node::create_subscription(const string&, const rclcpp::QoS&, CallbackT&&, const rclcpp::SubscriptionOptionsWithAllocator<AllocatorT>&, typename MessageMemoryStrategyT::SharedPtr) [with MessageT = geometry_msgs::msg::PoseStamped_<std::allocator<void> >; CallbackT = std::_Bind<void (moveit_servo::PoseTracking::*(moveit_servo::PoseTracking*, std::_Placeholder<1>))(const std::shared_ptr<const geometry_msgs::msg::PoseStamped_<std::allocator<void> > >&)>; AllocatorT = std::allocator<void>; CallbackMessageT = const std::shared_ptr<const geometry_msgs::msg::PoseStamped_<std::allocator<void> > >&; SubscriptionT = rclcpp::Subscription<const std::shared_ptr<const geometry_msgs::msg::PoseStamped_<std::allocator<void> > >&, std::allocator<void>, rclcpp::message_memory_strategy::MessageMemoryStrategy<const std::shared_ptr<const geometry_msgs::msg::PoseStamped_<std::allocator<void> > >&, std::allocator<void> > >; MessageMemoryStrategyT = rclcpp::message_memory_strategy::MessageMemoryStrategy<const std::shared_ptr<const geometry_msgs::msg::PoseStamped_<std::allocator<void> > >&, std::allocator<void> >][m[K’
[6.697s] [01m[K/home/abishalini/ws_ros2/src/moveit2/moveit_ros/moveit_servo/src/pose_tracking.cpp:74:98:[m[K   required from here
[6.698s] [01m[K/usr/include/c++/9/bits/unique_ptr.h:71:9:[m[K [01;31m[Kerror: [m[Kforming pointer to reference type ‘[01m[Kconst std::shared_ptr<const geometry_msgs::msg::PoseStamped_<std::allocator<void> > >&[m[K’
[6.698s]    71 |         [01;31m[Kdefault_delete[m[K(const default_delete<_Up>&) noexcept { }
[6.698s]       |         [01;31m[K^~~~~~~~~~~~~~[m[K
[6.698s] [01m[K/usr/include/c++/9/bits/unique_ptr.h:75:7:[m[K [01;31m[Kerror: [m[Kforming pointer to reference type ‘[01m[Kconst std::shared_ptr<const geometry_msgs::msg::PoseStamped_<std::allocator<void> > >&[m[K’
[6.698s]    75 |       [01;31m[Koperator[m[K()(_Tp* __ptr) const
[6.698s]       |       [01;31m[K^~~~~~~~[m[K
[6.709s] In file included from [01m[K/opt/ros/foxy/include/rclcpp/subscription_base.hpp:29[m[K,
[6.709s]                  from [01m[K/opt/ros/foxy/include/rclcpp/callback_group.hpp:26[m[K,
[6.709s]                  from [01m[K/opt/ros/foxy/include/rclcpp/node.hpp:39[m[K,
[6.709s]                  from [01m[K/opt/ros/foxy/include/control_toolbox/pid.hpp:42[m[K,
[6.709s]                  from [01m[K/home/abishalini/ws_ros2/src/moveit2/moveit_ros/moveit_servo/include/moveit_servo/pose_tracking.h:42[m[K,
[6.709s]                  from [01m[K/home/abishalini/ws_ros2/src/moveit2/moveit_ros/moveit_servo/src/pose_tracking.cpp:35[m[K:
[6.709s] /opt/ros/foxy/include/rclcpp/any_subscription_callback.hpp: In instantiation of ‘[01m[Kclass rclcpp::AnySubscriptionCallback<const std::shared_ptr<const geometry_msgs::msg::PoseStamped_<std::allocator<void> > >&, std::allocator<void> >[m[K’:
[6.710s] [01m[K/opt/ros/foxy/include/rclcpp/subscription.hpp:327:57:[m[K   required from ‘[01m[Kclass rclcpp::Subscription<const std::shared_ptr<const geometry_msgs::msg::PoseStamped_<std::allocator<void> > >&, std::allocator<void>, rclcpp::message_memory_strategy::MessageMemoryStrategy<const std::shared_ptr<const geometry_msgs::msg::PoseStamped_<std::allocator<void> > >&, std::allocator<void> > >[m[K’
[6.710s] [01m[K/usr/include/c++/9/type_traits:1320:45:[m[K   required by substitution of ‘[01m[Ktemplate<class _From1, class _To1, class> static std::true_type std::__is_convertible_helper<rclcpp::Subscription<const std::shared_ptr<const geometry_msgs::msg::PoseStamped_<std::allocator<void> > >&, std::allocator<void>, rclcpp::message_memory_strategy::MessageMemoryStrategy<const std::shared_ptr<const geometry_msgs::msg::PoseStamped_<std::allocator<void> > >&, std::allocator<void> > >*, rclcpp::Subscription<geometry_msgs::msg::PoseStamped_<std::allocator<void> > >*, false>::__test<_From1, _To1, <template-parameter-1-3> >(int) [with _From1 = rclcpp::Subscription<const std::shared_ptr<const geometry_msgs::msg::PoseStamped_<std::allocator<void> > >&, std::allocator<void>, rclcpp::message_memory_strategy::MessageMemoryStrategy<const std::shared_ptr<const geometry_msgs::msg::PoseStamped_<std::allocator<void> > >&, std::allocator<void> > >*; _To1 = rclcpp::Subscription<geometry_msgs::msg::PoseStamped_<std::allocator<void> > >*; <template-parameter-1-3> = <missing>][m[K’
[6.710s] [01m[K/usr/include/c++/9/type_traits:1329:42:[m[K   required from ‘[01m[Kstruct std::__is_convertible_helper<rclcpp::Subscription<const std::shared_ptr<const geometry_msgs::msg::PoseStamped_<std::allocator<void> > >&, std::allocator<void>, rclcpp::message_memory_strategy::MessageMemoryStrategy<const std::shared_ptr<const geometry_msgs::msg::PoseStamped_<std::allocator<void> > >&, std::allocator<void> > >*, rclcpp::Subscription<geometry_msgs::msg::PoseStamped_<std::allocator<void> > >*, false>[m[K’
[6.710s] [01m[K/usr/include/c++/9/type_traits:1335:12:[m[K   required from ‘[01m[Kstruct std::is_convertible<rclcpp::Subscription<const std::shared_ptr<const geometry_msgs::msg::PoseStamped_<std::allocator<void> > >&, std::allocator<void>, rclcpp::message_memory_strategy::MessageMemoryStrategy<const std::shared_ptr<const geometry_msgs::msg::PoseStamped_<std::allocator<void> > >&, std::allocator<void> > >*, rclcpp::Subscription<geometry_msgs::msg::PoseStamped_<std::allocator<void> > >*>[m[K’
[6.710s] [01m[K/usr/include/c++/9/bits/shared_ptr_base.h:927:12:[m[K   [ skipping 2 instantiation contexts, use -ftemplate-backtrace-limit=0 to disable ]
[6.710s] [01m[K/usr/include/c++/9/bits/shared_ptr_base.h:1099:8:[m[K   required by substitution of ‘[01m[Ktemplate<class _Tp, __gnu_cxx::_Lock_policy _Lp> template<class _Yp> using _Assignable = std::__shared_ptr<_Tp, _Lp>::_Compatible<_Yp, std::__shared_ptr<_Tp, _Lp>&> [with _Yp = rclcpp::Subscription<const std::shared_ptr<const geometry_msgs::msg::PoseStamped_<std::allocator<void> > >&, std::allocator<void>, rclcpp::message_memory_strategy::MessageMemoryStrategy<const std::shared_ptr<const geometry_msgs::msg::PoseStamped_<std::allocator<void> > >&, std::allocator<void> > >; _Tp = rclcpp::Subscription<geometry_msgs::msg::PoseStamped_<std::allocator<void> > >; __gnu_cxx::_Lock_policy _Lp = __gnu_cxx::_S_atomic][m[K’
[6.710s] [01m[K/usr/include/c++/9/bits/shared_ptr_base.h:1271:2:[m[K   required by substitution of ‘[01m[Ktemplate<class _Yp> std::__shared_ptr<rclcpp::Subscription<geometry_msgs::msg::PoseStamped_<std::allocator<void> > >, __gnu_cxx::_S_atomic>::_Assignable<_Yp> std::__shared_ptr<rclcpp::Subscription<geometry_msgs::msg::PoseStamped_<std::allocator<void> > >, __gnu_cxx::_S_atomic>::operator=<_Yp>(std::__shared_ptr<_Tp>&&) [with _Yp = rclcpp::Subscription<const std::shared_ptr<const geometry_msgs::msg::PoseStamped_<std::allocator<void> > >&, std::allocator<void>, rclcpp::message_memory_strategy::MessageMemoryStrategy<const std::shared_ptr<const geometry_msgs::msg::PoseStamped_<std::allocator<void> > >&, std::allocator<void> > >][m[K’
[6.710s] [01m[K/usr/include/c++/9/type_traits:1017:12:[m[K   required from ‘[01m[Kstruct std::is_assignable<std::__shared_ptr<rclcpp::Subscription<geometry_msgs::msg::PoseStamped_<std::allocator<void> > >, __gnu_cxx::_S_atomic>&, std::shared_ptr<rclcpp::Subscription<const std::shared_ptr<const geometry_msgs::msg::PoseStamped_<std::allocator<void> > >&, std::allocator<void>, rclcpp::message_memory_strategy::MessageMemoryStrategy<const std::shared_ptr<const geometry_msgs::msg::PoseStamped_<std::allocator<void> > >&, std::allocator<void> > > > >[m[K’
[6.710s] [01m[K/usr/include/c++/9/bits/shared_ptr.h:111:8:[m[K   required by substitution of ‘[01m[Ktemplate<class _Tp> template<class _Arg> using _Assignable = typename std::enable_if<std::is_assignable<std::__shared_ptr<_Tp>&, _Arg>::value, std::shared_ptr<_Tp>&>::type [with _Arg = std::shared_ptr<rclcpp::Subscription<const std::shared_ptr<const geometry_msgs::msg::PoseStamped_<std::allocator<void> > >&, std::allocator<void>, rclcpp::message_memory_strategy::MessageMemoryStrategy<const std::shared_ptr<const geometry_msgs::msg::PoseStamped_<std::allocator<void> > >&, std::allocator<void> > > >; _Tp = rclcpp::Subscription<geometry_msgs::msg::PoseStamped_<std::allocator<void> > >][m[K’
[6.710s] [01m[K/usr/include/c++/9/bits/shared_ptr.h:341:2:[m[K   required by substitution of ‘[01m[Ktemplate<class _Yp> std::shared_ptr<rclcpp::Subscription<geometry_msgs::msg::PoseStamped_<std::allocator<void> > > >::_Assignable<std::shared_ptr<_Tp> > std::shared_ptr<rclcpp::Subscription<geometry_msgs::msg::PoseStamped_<std::allocator<void> > > >::operator=<_Yp>(std::shared_ptr<_Tp>&&) [with _Yp = rclcpp::Subscription<const std::shared_ptr<const geometry_msgs::msg::PoseStamped_<std::allocator<void> > >&, std::allocator<void>, rclcpp::message_memory_strategy::MessageMemoryStrategy<const std::shared_ptr<const geometry_msgs::msg::PoseStamped_<std::allocator<void> > >&, std::allocator<void> > >][m[K’
[6.710s] [01m[K/home/abishalini/ws_ros2/src/moveit2/moveit_ros/moveit_servo/src/pose_tracking.cpp:74:98:[m[K   required from here
[6.710s] [01m[K/opt/ros/foxy/include/rclcpp/any_subscription_callback.hpp:111:8:[m[K [01;31m[Kerror: [m[K‘[01m[Ktemplate<class CallbackT, typename std::enable_if<rclcpp::function_traits::same_arguments<CallbackT, std::function<void(std::shared_ptr<const std::shared_ptr<const geometry_msgs::msg::PoseStamped_<std::allocator<void> > >&>)> >::value, void>::type* <anonymous> > void rclcpp::AnySubscriptionCallback<MessageT, Alloc>::set(CallbackT) [with CallbackT = CallbackT; typename std::enable_if<rclcpp::function_traits::same_arguments<CallbackT, std::function<void(std::shared_ptr<const _Tp>)> >::value>::type* <anonymous> = <enumerator>; MessageT = const std::shared_ptr<const geometry_msgs::msg::PoseStamped_<std::allocator<void> > >&; Alloc = std::allocator<void>][m[K’ cannot be overloaded with ‘[01m[Ktemplate<class CallbackT, typename std::enable_if<rclcpp::function_traits::same_arguments<CallbackT, std::function<void(std::shared_ptr<const std::shared_ptr<const geometry_msgs::msg::PoseStamped_<std::allocator<void> > >&>)> >::value, void>::type* <anonymous> > void rclcpp::AnySubscriptionCallback<MessageT, Alloc>::set(CallbackT) [with CallbackT = CallbackT; typename std::enable_if<rclcpp::function_traits::same_arguments<CallbackT, std::function<void(std::shared_ptr<_Tp>)> >::value>::type* <anonymous> = <enumerator>; MessageT = const std::shared_ptr<const geometry_msgs::msg::PoseStamped_<std::allocator<void> > >&; Alloc = std::allocator<void>][m[K’
[6.711s]   111 |   void [01;31m[Kset[m[K(CallbackT callback)
[6.711s]       |        [01;31m[K^~~[m[K
[6.711s] [01m[K/opt/ros/foxy/include/rclcpp/any_subscription_callback.hpp:83:8:[m[K [01;36m[Knote: [m[Kprevious declaration ‘[01m[Ktemplate<class CallbackT, typename std::enable_if<rclcpp::function_traits::same_arguments<CallbackT, std::function<void(std::shared_ptr<const std::shared_ptr<const geometry_msgs::msg::PoseStamped_<std::allocator<void> > >&>)> >::value, void>::type* <anonymous> > void rclcpp::AnySubscriptionCallback<MessageT, Alloc>::set(CallbackT) [with CallbackT = CallbackT; typename std::enable_if<rclcpp::function_traits::same_arguments<CallbackT, std::function<void(std::shared_ptr<_Tp>)> >::value>::type* <anonymous> = <enumerator>; MessageT = const std::shared_ptr<const geometry_msgs::msg::PoseStamped_<std::allocator<void> > >&; Alloc = std::allocator<void>][m[K’
[6.711s]    83 |   void [01;36m[Kset[m[K(CallbackT callback)
[6.711s]       |        [01;36m[K^~~[m[K
[6.711s] [01m[K/opt/ros/foxy/include/rclcpp/any_subscription_callback.hpp:125:8:[m[K [01;31m[Kerror: [m[K‘[01m[Ktemplate<class CallbackT, typename std::enable_if<rclcpp::function_traits::same_arguments<CallbackT, std::function<void(std::shared_ptr<const std::shared_ptr<const geometry_msgs::msg::PoseStamped_<std::allocator<void> > >&>, const rclcpp::MessageInfo&)> >::value, void>::type* <anonymous> > void rclcpp::AnySubscriptionCallback<MessageT, Alloc>::set(CallbackT) [with CallbackT = CallbackT; typename std::enable_if<rclcpp::function_traits::same_arguments<CallbackT, std::function<void(std::shared_ptr<const _Tp>, const rclcpp::MessageInfo&)> >::value>::type* <anonymous> = <enumerator>; MessageT = const std::shared_ptr<const geometry_msgs::msg::PoseStamped_<std::allocator<void> > >&; Alloc = std::allocator<void>][m[K’ cannot be overloaded with ‘[01m[Ktemplate<class CallbackT, typename std::enable_if<rclcpp::function_traits::same_arguments<CallbackT, std::function<void(std::shared_ptr<const std::shared_ptr<const geometry_msgs::msg::PoseStamped_<std::allocator<void> > >&>, const rclcpp::MessageInfo&)> >::value, void>::type* <anonymous> > void rclcpp::AnySubscriptionCallback<MessageT, Alloc>::set(CallbackT) [with CallbackT = CallbackT; typename std::enable_if<rclcpp::function_traits::same_arguments<CallbackT, std::function<void(std::shared_ptr<_Tp>, const rclcpp::MessageInfo&)> >::value>::type* <anonymous> = <enumerator>; MessageT = const std::shared_ptr<const geometry_msgs::msg::PoseStamped_<std::allocator<void> > >&; Alloc = std::allocator<void>][m[K’
[6.711s]   125 |   void [01;31m[Kset[m[K(CallbackT callback)
[6.711s]       |        [01;31m[K^~~[m[K
[6.711s] [01m[K/opt/ros/foxy/include/rclcpp/any_subscription_callback.hpp:97:8:[m[K [01;36m[Knote: [m[Kprevious declaration ‘[01m[Ktemplate<class CallbackT, typename std::enable_if<rclcpp::function_traits::same_arguments<CallbackT, std::function<void(std::shared_ptr<const std::shared_ptr<const geometry_msgs::msg::PoseStamped_<std::allocator<void> > >&>, const rclcpp::MessageInfo&)> >::value, void>::type* <anonymous> > void rclcpp::AnySubscriptionCallback<MessageT, Alloc>::set(CallbackT) [with CallbackT = CallbackT; typename std::enable_if<rclcpp::function_traits::same_arguments<CallbackT, std::function<void(std::shared_ptr<_Tp>, const rclcpp::MessageInfo&)> >::value>::type* <anonymous> = <enumerator>; MessageT = const std::shared_ptr<const geometry_msgs::msg::PoseStamped_<std::allocator<void> > >&; Alloc = std::allocator<void>][m[K’
[6.711s]    97 |   void [01;36m[Kset[m[K(CallbackT callback)
[6.711s]       |        [01;36m[K^~~[m[K
[6.714s] [01m[K/home/abishalini/ws_ros2/src/moveit2/moveit_ros/moveit_servo/src/pose_tracking.cpp:[m[K In constructor ‘[01m[Kmoveit_servo::PoseTracking::PoseTracking(const SharedPtr&, const ServoParametersPtr&, const PlanningSceneMonitorPtr&)[m[K’:
[6.715s] [01m[K/home/abishalini/ws_ros2/src/moveit2/moveit_ros/moveit_servo/src/pose_tracking.cpp:74:98:[m[K [01;31m[Kerror: [m[Kno match for ‘[01m[Koperator=[m[K’ (operand types are ‘[01m[Krclcpp::Subscription<geometry_msgs::msg::PoseStamped_<std::allocator<void> > >::SharedPtr[m[K’ {aka ‘[01m[Kstd::shared_ptr<rclcpp::Subscription<geometry_msgs::msg::PoseStamped_<std::allocator<void> > > >[m[K’} and ‘[01m[Kstd::shared_ptr<rclcpp::Subscription<const std::shared_ptr<const geometry_msgs::msg::PoseStamped_<std::allocator<void> > >&, std::allocator<void>, rclcpp::message_memory_strategy::MessageMemoryStrategy<const std::shared_ptr<const geometry_msgs::msg::PoseStamped_<std::allocator<void> > >&, std::allocator<void> > > >[m[K’)
[6.715s]    74 |       "target_pose", 1, std::bind(&PoseTracking::targetPoseCallback, this, std::placeholders::_1)[01;31m[K)[m[K;
[6.715s]       |                                                                                                  [01;31m[K^[m[K
[6.715s] In file included from [01m[K/usr/include/c++/9/memory:81[m[K,
[6.715s]                  from [01m[K/opt/ros/foxy/include/control_toolbox/pid.hpp:37[m[K,
[6.715s]                  from [01m[K/home/abishalini/ws_ros2/src/moveit2/moveit_ros/moveit_servo/include/moveit_servo/pose_tracking.h:42[m[K,
[6.715s]                  from [01m[K/home/abishalini/ws_ros2/src/moveit2/moveit_ros/moveit_servo/src/pose_tracking.cpp:35[m[K:
[6.715s] [01m[K/usr/include/c++/9/bits/shared_ptr.h:309:19:[m[K [01;36m[Knote: [m[Kcandidate: ‘[01m[Kstd::shared_ptr<_Tp>& std::shared_ptr<_Tp>::operator=(const std::shared_ptr<_Tp>&) [with _Tp = rclcpp::Subscription<geometry_msgs::msg::PoseStamped_<std::allocator<void> > >][m[K’
[6.715s]   309 |       shared_ptr& [01;36m[Koperator[m[K=(const shared_ptr&) noexcept = default;
[6.715s]       |                   [01;36m[K^~~~~~~~[m[K
[6.715s] [01m[K/usr/include/c++/9/bits/shared_ptr.h:309:29:[m[K [01;36m[Knote: [m[K  no known conversion for argument 1 from ‘[01m[Kstd::shared_ptr<rclcpp::Subscription<const std::shared_ptr<const geometry_msgs::msg::PoseStamped_<std::allocator<void> > >&, std::allocator<void>, rclcpp::message_memory_strategy::MessageMemoryStrategy<const std::shared_ptr<const geometry_msgs::msg::PoseStamped_<std::allocator<void> > >&, std::allocator<void> > > >[m[K’ to ‘[01m[Kconst std::shared_ptr<rclcpp::Subscription<geometry_msgs::msg::PoseStamped_<std::allocator<void> > > >&[m[K’
[6.715s]   309 |       shared_ptr& operator=([01;36m[Kconst shared_ptr&[m[K) noexcept = default;
[6.716s]       |                             [01;36m[K^~~~~~~~~~~~~~~~~[m[K
[6.716s] [01m[K/usr/include/c++/9/bits/shared_ptr.h:313:2:[m[K [01;36m[Knote: [m[Kcandidate: ‘[01m[Ktemplate<class _Yp> std::shared_ptr<_Tp>::_Assignable<const std::shared_ptr<_Yp>&> std::shared_ptr<_Tp>::operator=(const std::shared_ptr<_Yp>&) [with _Yp = _Yp; _Tp = rclcpp::Subscription<geometry_msgs::msg::PoseStamped_<std::allocator<void> > >][m[K’
[6.716s]   313 |  [01;36m[Koperator[m[K=(const shared_ptr<_Yp>& __r) noexcept
[6.716s]       |  [01;36m[K^~~~~~~~[m[K
[6.716s] [01m[K/usr/include/c++/9/bits/shared_ptr.h:313:2:[m[K [01;36m[Knote: [m[K  template argument deduction/substitution failed:
[6.716s] /usr/include/c++/9/bits/shared_ptr.h: In substitution of ‘[01m[Ktemplate<class _Tp> template<class _Arg> using _Assignable = typename std::enable_if<std::is_assignable<std::__shared_ptr<_Tp>&, _Arg>::value, std::shared_ptr<_Tp>&>::type [with _Arg = const std::shared_ptr<rclcpp::Subscription<const std::shared_ptr<const geometry_msgs::msg::PoseStamped_<std::allocator<void> > >&, std::allocator<void>, rclcpp::message_memory_strategy::MessageMemoryStrategy<const std::shared_ptr<const geometry_msgs::msg::PoseStamped_<std::allocator<void> > >&, std::allocator<void> > > >&; _Tp = rclcpp::Subscription<geometry_msgs::msg::PoseStamped_<std::allocator<void> > >][m[K’:
[6.716s] [01m[K/usr/include/c++/9/bits/shared_ptr.h:313:2:[m[K   required by substitution of ‘[01m[Ktemplate<class _Yp> std::shared_ptr<rclcpp::Subscription<geometry_msgs::msg::PoseStamped_<std::allocator<void> > > >::_Assignable<const std::shared_ptr<_Tp>&> std::shared_ptr<rclcpp::Subscription<geometry_msgs::msg::PoseStamped_<std::allocator<void> > > >::operator=<_Yp>(const std::shared_ptr<_Tp>&) [with _Yp = rclcpp::Subscription<const std::shared_ptr<const geometry_msgs::msg::PoseStamped_<std::allocator<void> > >&, std::allocator<void>, rclcpp::message_memory_strategy::MessageMemoryStrategy<const std::shared_ptr<const geometry_msgs::msg::PoseStamped_<std::allocator<void> > >&, std::allocator<void> > >][m[K’
[6.716s] [01m[K/home/abishalini/ws_ros2/src/moveit2/moveit_ros/moveit_servo/src/pose_tracking.cpp:74:98:[m[K   required from here
[6.716s] [01m[K/usr/include/c++/9/bits/shared_ptr.h:111:8:[m[K [01;31m[Kerror: [m[Kno type named ‘[01m[Ktype[m[K’ in ‘[01m[Kstruct std::enable_if<false, std::shared_ptr<rclcpp::Subscription<geometry_msgs::msg::PoseStamped_<std::allocator<void> > > >&>[m[K’
[6.716s]   111 |  using [01;31m[K_Assignable[m[K = typename enable_if<
[6.716s]       |        [01;31m[K^~~~~~~~~~~[m[K
[6.716s] [01m[K/usr/include/c++/9/bits/shared_ptr.h:324:2:[m[K [01;36m[Knote: [m[Kcandidate: ‘[01m[Ktemplate<class _Yp> std::shared_ptr<_Tp>::_Assignable<std::auto_ptr<_Up> > std::shared_ptr<_Tp>::operator=(std::auto_ptr<_Up>&&) [with _Yp = _Yp; _Tp = rclcpp::Subscription<geometry_msgs::msg::PoseStamped_<std::allocator<void> > >][m[K’
[6.716s]   324 |  [01;36m[Koperator[m[K=(auto_ptr<_Yp>&& __r)
[6.717s]       |  [01;36m[K^~~~~~~~[m[K
[6.717s] [01m[K/usr/include/c++/9/bits/shared_ptr.h:324:2:[m[K [01;36m[Knote: [m[K  template argument deduction/substitution failed:
[6.717s] [01m[K/home/abishalini/ws_ros2/src/moveit2/moveit_ros/moveit_servo/src/pose_tracking.cpp:74:98:[m[K [01;36m[Knote: [m[K  ‘[01m[Kstd::shared_ptr<rclcpp::Subscription<const std::shared_ptr<const geometry_msgs::msg::PoseStamped_<std::allocator<void> > >&, std::allocator<void>, rclcpp::message_memory_strategy::MessageMemoryStrategy<const std::shared_ptr<const geometry_msgs::msg::PoseStamped_<std::allocator<void> > >&, std::allocator<void> > > >[m[K’ is not derived from ‘[01m[Kstd::auto_ptr<_Up>[m[K’
[6.717s]    74 |       "target_pose", 1, std::bind(&PoseTracking::targetPoseCallback, this, std::placeholders::_1)[01;36m[K)[m[K;
[6.717s]       |                                                                                                  [01;36m[K^[m[K
[6.717s] In file included from [01m[K/usr/include/c++/9/memory:81[m[K,
[6.717s]                  from [01m[K/opt/ros/foxy/include/control_toolbox/pid.hpp:37[m[K,
[6.717s]                  from [01m[K/home/abishalini/ws_ros2/src/moveit2/moveit_ros/moveit_servo/include/moveit_servo/pose_tracking.h:42[m[K,
[6.717s]                  from [01m[K/home/abishalini/ws_ros2/src/moveit2/moveit_ros/moveit_servo/src/pose_tracking.cpp:35[m[K:
[6.717s] [01m[K/usr/include/c++/9/bits/shared_ptr.h:333:7:[m[K [01;36m[Knote: [m[Kcandidate: ‘[01m[Kstd::shared_ptr<_Tp>& std::shared_ptr<_Tp>::operator=(std::shared_ptr<_Tp>&&) [with _Tp = rclcpp::Subscription<geometry_msgs::msg::PoseStamped_<std::allocator<void> > >][m[K’
[6.717s]   333 |       [01;36m[Koperator[m[K=(shared_ptr&& __r) noexcept
[6.717s]       |       [01;36m[K^~~~~~~~[m[K
[6.717s] [01m[K/usr/include/c++/9/bits/shared_ptr.h:333:30:[m[K [01;36m[Knote: [m[K  no known conversion for argument 1 from ‘[01m[Kstd::shared_ptr<rclcpp::Subscription<const std::shared_ptr<const geometry_msgs::msg::PoseStamped_<std::allocator<void> > >&, std::allocator<void>, rclcpp::message_memory_strategy::MessageMemoryStrategy<const std::shared_ptr<const geometry_msgs::msg::PoseStamped_<std::allocator<void> > >&, std::allocator<void> > > >[m[K’ to ‘[01m[Kstd::shared_ptr<rclcpp::Subscription<geometry_msgs::msg::PoseStamped_<std::allocator<void> > > >&&[m[K’
[6.718s]   333 |       operator=([01;36m[Kshared_ptr&& __r[m[K) noexcept
[6.718s]       |                 [01;36m[K~~~~~~~~~~~~~^~~[m[K
[6.718s] [01m[K/usr/include/c++/9/bits/shared_ptr.h:341:2:[m[K [01;36m[Knote: [m[Kcandidate: ‘[01m[Ktemplate<class _Yp> std::shared_ptr<_Tp>::_Assignable<std::shared_ptr<_Yp> > std::shared_ptr<_Tp>::operator=(std::shared_ptr<_Yp>&&) [with _Yp = _Yp; _Tp = rclcpp::Subscription<geometry_msgs::msg::PoseStamped_<std::allocator<void> > >][m[K’
[6.718s]   341 |  [01;36m[Koperator[m[K=(shared_ptr<_Yp>&& __r) noexcept
[6.718s]       |  [01;36m[K^~~~~~~~[m[K
[6.718s] [01m[K/usr/include/c++/9/bits/shared_ptr.h:341:2:[m[K [01;36m[Knote: [m[K  substitution of deduced template arguments resulted in errors seen above
[6.718s] [01m[K/usr/include/c++/9/bits/shared_ptr.h:349:2:[m[K [01;36m[Knote: [m[Kcandidate: ‘[01m[Ktemplate<class _Yp, class _Del> std::shared_ptr<_Tp>::_Assignable<std::unique_ptr<_Up, _Ep> > std::shared_ptr<_Tp>::operator=(std::unique_ptr<_Up, _Ep>&&) [with _Yp = _Yp; _Del = _Del; _Tp = rclcpp::Subscription<geometry_msgs::msg::PoseStamped_<std::allocator<void> > >][m[K’
[6.718s]   349 |  [01;36m[Koperator[m[K=(unique_ptr<_Yp, _Del>&& __r)
[6.718s]       |  [01;36m[K^~~~~~~~[m[K
[6.718s] [01m[K/usr/include/c++/9/bits/shared_ptr.h:349:2:[m[K [01;36m[Knote: [m[K  template argument deduction/substitution failed:
[6.718s] [01m[K/home/abishalini/ws_ros2/src/moveit2/moveit_ros/moveit_servo/src/pose_tracking.cpp:74:98:[m[K [01;36m[Knote: [m[K  ‘[01m[Kstd::shared_ptr<rclcpp::Subscription<const std::shared_ptr<const geometry_msgs::msg::PoseStamped_<std::allocator<void> > >&, std::allocator<void>, rclcpp::message_memory_strategy::MessageMemoryStrategy<const std::shared_ptr<const geometry_msgs::msg::PoseStamped_<std::allocator<void> > >&, std::allocator<void> > > >[m[K’ is not derived from ‘[01m[Kstd::unique_ptr<_Tp, _Dp>[m[K’
[6.718s]    74 |       "target_pose", 1, std::bind(&PoseTracking::targetPoseCallback, this, std::placeholders::_1)[01;36m[K)[m[K;
[6.719s]       |                                                                                                  [01;36m[K^[m[K
[6.726s] [01m[K/home/abishalini/ws_ros2/src/moveit2/moveit_ros/moveit_servo/src/pose_tracking.cpp:[m[K In member function ‘[01m[Kmoveit_servo::PoseTrackingStatusCode moveit_servo::PoseTracking::moveToPose(const Vector3d&, double, double)[m[K’:
[6.727s] [01m[K/home/abishalini/ws_ros2/src/moveit2/moveit_ros/moveit_servo/src/pose_tracking.cpp:132:70:[m[K [01;31m[Kerror: [m[Kno matching function for call to ‘[01m[Krclcpp::Publisher<geometry_msgs::msg::TwistStamped_<std::allocator<void> > >::publish(geometry_msgs::msg::TwistStamped_<std::allocator<void> >::ConstSharedPtr)[m[K’
[6.727s]   132 |     twist_stamped_pub_->publish(PoseTracking::calculateTwistCommand()[01;31m[K)[m[K;
[6.727s]       |                                                                      [01;31m[K^[m[K
[6.728s] In file included from [01m[K/opt/ros/foxy/include/rclcpp/node_interfaces/node_topics_interface.hpp:29[m[K,
[6.728s]                  from [01m[K/opt/ros/foxy/include/rclcpp/node.hpp:55[m[K,
[6.728s]                  from [01m[K/opt/ros/foxy/include/control_toolbox/pid.hpp:42[m[K,
[6.728s]                  from [01m[K/home/abishalini/ws_ros2/src/moveit2/moveit_ros/moveit_servo/include/moveit_servo/pose_tracking.h:42[m[K,
[6.728s]                  from [01m[K/home/abishalini/ws_ros2/src/moveit2/moveit_ros/moveit_servo/src/pose_tracking.cpp:35[m[K:
[6.728s] [01m[K/opt/ros/foxy/include/rclcpp/publisher.hpp:185:3:[m[K [01;36m[Knote: [m[Kcandidate: ‘[01m[Kvoid rclcpp::Publisher<MessageT, AllocatorT>::publish(std::unique_ptr<MessageT, typename std::conditional<std::is_same<typename std::allocator_traits<typename std::allocator_traits<_Alloc>::rebind_traits<MessageT>::allocator_type>::rebind_alloc<MessageT>, typename std::allocator<void>::rebind<_Tp1>::other>::value, std::default_delete<_Tp>, rclcpp::allocator::AllocatorDeleter<typename std::allocator_traits<_Alloc>::rebind_traits<MessageT>::allocator_type> >::type>) [with MessageT = geometry_msgs::msg::TwistStamped_<std::allocator<void> >; AllocatorT = std::allocator<void>; typename std::conditional<std::is_same<typename std::allocator_traits<typename std::allocator_traits<_Alloc>::rebind_traits<MessageT>::allocator_type>::rebind_alloc<MessageT>, typename std::allocator<void>::rebind<_Tp1>::other>::value, std::default_delete<_Tp>, rclcpp::allocator::AllocatorDeleter<typename std::allocator_traits<_Alloc>::rebind_traits<MessageT>::allocator_type> >::type = std::default_delete<geometry_msgs::msg::TwistStamped_<std::allocator<void> > >][m[K’
[6.728s]   185 |   [01;36m[Kpublish[m[K(std::unique_ptr<MessageT, MessageDeleter> msg)
[6.728s]       |   [01;36m[K^~~~~~~[m[K
[6.728s] [01m[K/opt/ros/foxy/include/rclcpp/publisher.hpp:185:53:[m[K [01;36m[Knote: [m[K  no known conversion for argument 1 from ‘[01m[Kgeometry_msgs::msg::TwistStamped_<std::allocator<void> >::ConstSharedPtr[m[K’ {aka ‘[01m[Kstd::shared_ptr<const geometry_msgs::msg::TwistStamped_<std::allocator<void> > >[m[K’} to ‘[01m[Kstd::unique_ptr<geometry_msgs::msg::TwistStamped_<std::allocator<void> >, std::default_delete<geometry_msgs::msg::TwistStamped_<std::allocator<void> > > >[m[K’
[6.728s]   185 |   publish([01;36m[Kstd::unique_ptr<MessageT, MessageDeleter> msg[m[K)
[6.729s]       |           [01;36m[K~~~~~~~~~~~~~~~~~~~~~~~~~~~~~~~~~~~~~~~~~~^~~[m[K
[6.729s] [01m[K/opt/ros/foxy/include/rclcpp/publisher.hpp:209:3:[m[K [01;36m[Knote: [m[Kcandidate: ‘[01m[Kvoid rclcpp::Publisher<MessageT, AllocatorT>::publish(const MessageT&) [with MessageT = geometry_msgs::msg::TwistStamped_<std::allocator<void> >; AllocatorT = std::allocator<void>][m[K’
[6.729s]   209 |   [01;36m[Kpublish[m[K(const MessageT & msg)
[6.729s]       |   [01;36m[K^~~~~~~[m[K
[6.729s] [01m[K/opt/ros/foxy/include/rclcpp/publisher.hpp:209:28:[m[K [01;36m[Knote: [m[K  no known conversion for argument 1 from ‘[01m[Kgeometry_msgs::msg::TwistStamped_<std::allocator<void> >::ConstSharedPtr[m[K’ {aka ‘[01m[Kstd::shared_ptr<const geometry_msgs::msg::TwistStamped_<std::allocator<void> > >[m[K’} to ‘[01m[Kconst geometry_msgs::msg::TwistStamped_<std::allocator<void> >&[m[K’
[6.729s]   209 |   publish([01;36m[Kconst MessageT & msg[m[K)
[6.729s]       |           [01;36m[K~~~~~~~~~~~~~~~~~^~~[m[K
[6.729s] [01m[K/opt/ros/foxy/include/rclcpp/publisher.hpp:226:3:[m[K [01;36m[Knote: [m[Kcandidate: ‘[01m[Kvoid rclcpp::Publisher<MessageT, AllocatorT>::publish(const rcl_serialized_message_t&) [with MessageT = geometry_msgs::msg::TwistStamped_<std::allocator<void> >; AllocatorT = std::allocator<void>; rcl_serialized_message_t = rcutils_uint8_array_t][m[K’
[6.729s]   226 |   [01;36m[Kpublish[m[K(const rcl_serialized_message_t & serialized_msg)
[6.730s]       |   [01;36m[K^~~~~~~[m[K
[6.730s] [01m[K/opt/ros/foxy/include/rclcpp/publisher.hpp:226:44:[m[K [01;36m[Knote: [m[K  no known conversion for argument 1 from ‘[01m[Kgeometry_msgs::msg::TwistStamped_<std::allocator<void> >::ConstSharedPtr[m[K’ {aka ‘[01m[Kstd::shared_ptr<const geometry_msgs::msg::TwistStamped_<std::allocator<void> > >[m[K’} to ‘[01m[Kconst rcl_serialized_message_t&[m[K’ {aka ‘[01m[Kconst rcutils_uint8_array_t&[m[K’}
[6.730s]   226 |   publish([01;36m[Kconst rcl_serialized_message_t & serialized_msg[m[K)
[6.730s]       |           [01;36m[K~~~~~~~~~~~~~~~~~~~~~~~~~~~~~~~~~^~~~~~~~~~~~~~[m[K
[6.730s] [01m[K/opt/ros/foxy/include/rclcpp/publisher.hpp:232:3:[m[K [01;36m[Knote: [m[Kcandidate: ‘[01m[Kvoid rclcpp::Publisher<MessageT, AllocatorT>::publish(const rclcpp::SerializedMessage&) [with MessageT = geometry_msgs::msg::TwistStamped_<std::allocator<void> >; AllocatorT = std::allocator<void>][m[K’
[6.730s]   232 |   [01;36m[Kpublish[m[K(const SerializedMessage & serialized_msg)
[6.731s]       |   [01;36m[K^~~~~~~[m[K
[6.731s] [01m[K/opt/ros/foxy/include/rclcpp/publisher.hpp:232:37:[m[K [01;36m[Knote: [m[K  no known conversion for argument 1 from ‘[01m[Kgeometry_msgs::msg::TwistStamped_<std::allocator<void> >::ConstSharedPtr[m[K’ {aka ‘[01m[Kstd::shared_ptr<const geometry_msgs::msg::TwistStamped_<std::allocator<void> > >[m[K’} to ‘[01m[Kconst rclcpp::SerializedMessage&[m[K’
[6.731s]   232 |   publish([01;36m[Kconst SerializedMessage & serialized_msg[m[K)
[6.731s]       |           [01;36m[K~~~~~~~~~~~~~~~~~~~~~~~~~~^~~~~~~~~~~~~~[m[K
[6.731s] [01m[K/opt/ros/foxy/include/rclcpp/publisher.hpp:246:3:[m[K [01;36m[Knote: [m[Kcandidate: ‘[01m[Kvoid rclcpp::Publisher<MessageT, AllocatorT>::publish(rclcpp::LoanedMessage<MessageT, AllocatorT>&&) [with MessageT = geometry_msgs::msg::TwistStamped_<std::allocator<void> >; AllocatorT = std::allocator<void>][m[K’
[6.731s]   246 |   [01;36m[Kpublish[m[K(rclcpp::LoanedMessage<MessageT, AllocatorT> && loaned_msg)
[6.732s]       |   [01;36m[K^~~~~~~[m[K
[6.732s] [01m[K/opt/ros/foxy/include/rclcpp/publisher.hpp:246:58:[m[K [01;36m[Knote: [m[K  no known conversion for argument 1 from ‘[01m[Kgeometry_msgs::msg::TwistStamped_<std::allocator<void> >::ConstSharedPtr[m[K’ {aka ‘[01m[Kstd::shared_ptr<const geometry_msgs::msg::TwistStamped_<std::allocator<void> > >[m[K’} to ‘[01m[Krclcpp::LoanedMessage<geometry_msgs::msg::TwistStamped_<std::allocator<void> >, std::allocator<void> >&&[m[K’
[6.732s]   246 |   publish([01;36m[Krclcpp::LoanedMessage<MessageT, AllocatorT> && loaned_msg[m[K)
[6.732s]       |           [01;36m[K~~~~~~~~~~~~~~~~~~~~~~~~~~~~~~~~~~~~~~~~~~~~~~~^~~~~~~~~~[m[K
[6.732s] [01m[K/home/abishalini/ws_ros2/src/moveit2/moveit_ros/moveit_servo/src/pose_tracking.cpp:[m[K In member function ‘[01m[Kvoid moveit_servo::PoseTracking::readROSParams()[m[K’:
[6.733s] [01m[K/home/abishalini/ws_ros2/src/moveit2/moveit_ros/moveit_servo/src/pose_tracking.cpp:205:17:[m[K [01;31m[Kerror: [m[K‘[01m[KshutdownIfError[m[K’ is not a member of ‘[01m[Kmoveit_servo::PoseTracking[m[K’
[6.733s]   205 |   PoseTracking::[01;31m[KshutdownIfError[m[K(node->get_name(), error);
[6.733s]       |                 [01;31m[K^~~~~~~~~~~~~~~[m[K
[6.756s] [01m[K/home/abishalini/ws_ros2/src/moveit2/moveit_ros/moveit_servo/src/pose_tracking.cpp:[m[K In member function ‘[01m[Kgeometry_msgs::msg::TwistStamped_<std::allocator<void> >::ConstSharedPtr moveit_servo::PoseTracking::calculateTwistCommand()[m[K’:
[6.756s] [01m[K/home/abishalini/ws_ros2/src/moveit2/moveit_ros/moveit_servo/src/pose_tracking.cpp:304:10:[m[K [01;31m[Kerror: [m[Kcould not convert ‘[01m[Kmsg[m[K’ from ‘[01m[Kboost::shared_ptr<geometry_msgs::msg::TwistStamped_<std::allocator<void> > >[m[K’ to ‘[01m[Kgeometry_msgs::msg::TwistStamped_<std::allocator<void> >::ConstSharedPtr[m[K’ {aka ‘[01m[Kstd::shared_ptr<const geometry_msgs::msg::TwistStamped_<std::allocator<void> > >[m[K’}
[6.756s]   304 |   return [01;31m[Kmsg[m[K;
[6.756s]       |          [01;31m[K^~~[m[K
[6.757s]       |          [01;31m[K|[m[K
[6.757s]       |          [01;31m[Kboost::shared_ptr<geometry_msgs::msg::TwistStamped_<std::allocator<void> > >[m[K
[6.759s] [01m[K/home/abishalini/ws_ros2/src/moveit2/moveit_ros/moveit_servo/src/pose_tracking.cpp:[m[K At global scope:
[6.759s] [01m[K/home/abishalini/ws_ros2/src/moveit2/moveit_ros/moveit_servo/src/pose_tracking.cpp:388:6:[m[K [01;31m[Kerror: [m[Kno declaration matches ‘[01m[Kvoid moveit_servo::PoseTracking::shutdownIfError(const string&, std::size_t)[m[K’
[6.760s]   388 | void [01;31m[KPoseTracking[m[K::shutdownIfError(const std::string &parent_name, std::size_t error_count)
[6.760s]       |      [01;31m[K^~~~~~~~~~~~[m[K
[6.760s] [01m[K/home/abishalini/ws_ros2/src/moveit2/moveit_ros/moveit_servo/src/pose_tracking.cpp:388:6:[m[K [01;36m[Knote: [m[Kno functions named ‘[01m[Kvoid moveit_servo::PoseTracking::shutdownIfError(const string&, std::size_t)[m[K’
[6.760s] In file included from [01m[K/home/abishalini/ws_ros2/src/moveit2/moveit_ros/moveit_servo/src/pose_tracking.cpp:35[m[K:
[6.760s] [01m[K/home/abishalini/ws_ros2/src/moveit2/moveit_ros/moveit_servo/include/moveit_servo/pose_tracking.h:85:7:[m[K [01;36m[Knote: [m[K‘[01m[Kclass moveit_servo::PoseTracking[m[K’ defined here
[6.761s]    85 | class [01;36m[KPoseTracking[m[K
[6.761s]       |       [01;36m[K^~~~~~~~~~~~[m[K
[8.176s] In file included from [01m[K/opt/ros/foxy/include/rclcpp/node_interfaces/node_topics_interface.hpp:32[m[K,
[8.177s]                  from [01m[K/opt/ros/foxy/include/rclcpp/node.hpp:55[m[K,
[8.177s]                  from [01m[K/opt/ros/foxy/include/control_toolbox/pid.hpp:42[m[K,
[8.177s]                  from [01m[K/home/abishalini/ws_ros2/src/moveit2/moveit_ros/moveit_servo/include/moveit_servo/pose_tracking.h:42[m[K,
[8.177s]                  from [01m[K/home/abishalini/ws_ros2/src/moveit2/moveit_ros/moveit_servo/src/pose_tracking.cpp:35[m[K:
[8.177s] /opt/ros/foxy/include/rclcpp/subscription_factory.hpp: In instantiation of ‘[01m[Krclcpp::SubscriptionFactory rclcpp::create_subscription_factory(CallbackT&&, const rclcpp::SubscriptionOptionsWithAllocator<AllocatorT>&, typename MessageMemoryStrategyT::SharedPtr, std::shared_ptr<rclcpp::topic_statistics::SubscriptionTopicStatistics<CallbackMessageT> >) [with MessageT = geometry_msgs::msg::PoseStamped_<std::allocator<void> >; CallbackT = std::_Bind<void (moveit_servo::PoseTracking::*(moveit_servo::PoseTracking*, std::_Placeholder<1>))(const std::shared_ptr<const geometry_msgs::msg::PoseStamped_<std::allocator<void> > >&)>; AllocatorT = std::allocator<void>; CallbackMessageT = const std::shared_ptr<const geometry_msgs::msg::PoseStamped_<std::allocator<void> > >&; SubscriptionT = rclcpp::Subscription<const std::shared_ptr<const geometry_msgs::msg::PoseStamped_<std::allocator<void> > >&, std::allocator<void>, rclcpp::message_memory_strategy::MessageMemoryStrategy<const std::shared_ptr<const geometry_msgs::msg::PoseStamped_<std::allocator<void> > >&, std::allocator<void> > >; MessageMemoryStrategyT = rclcpp::message_memory_strategy::MessageMemoryStrategy<const std::shared_ptr<const geometry_msgs::msg::PoseStamped_<std::allocator<void> > >&, std::allocator<void> >; typename MessageMemoryStrategyT::SharedPtr = std::shared_ptr<rclcpp::message_memory_strategy::MessageMemoryStrategy<const std::shared_ptr<const geometry_msgs::msg::PoseStamped_<std::allocator<void> > >&, std::allocator<void> > >][m[K’:
[8.177s] [01m[K/opt/ros/foxy/include/rclcpp/create_subscription.hpp:138:63:[m[K   required from ‘[01m[Kstd::shared_ptr<SubscriptionT> rclcpp::create_subscription(NodeT&&, const string&, const rclcpp::QoS&, CallbackT&&, const rclcpp::SubscriptionOptionsWithAllocator<AllocatorT>&, typename MessageMemoryStrategyT::SharedPtr) [with MessageT = geometry_msgs::msg::PoseStamped_<std::allocator<void> >; CallbackT = std::_Bind<void (moveit_servo::PoseTracking::*(moveit_servo::PoseTracking*, std::_Placeholder<1>))(const std::shared_ptr<const geometry_msgs::msg::PoseStamped_<std::allocator<void> > >&)>; AllocatorT = std::allocator<void>; CallbackMessageT = const std::shared_ptr<const geometry_msgs::msg::PoseStamped_<std::allocator<void> > >&; SubscriptionT = rclcpp::Subscription<const std::shared_ptr<const geometry_msgs::msg::PoseStamped_<std::allocator<void> > >&, std::allocator<void>, rclcpp::message_memory_strategy::MessageMemoryStrategy<const std::shared_ptr<const geometry_msgs::msg::PoseStamped_<std::allocator<void> > >&, std::allocator<void> > >; MessageMemoryStrategyT = rclcpp::message_memory_strategy::MessageMemoryStrategy<const std::shared_ptr<const geometry_msgs::msg::PoseStamped_<std::allocator<void> > >&, std::allocator<void> >; NodeT = rclcpp::Node&; std::string = std::__cxx11::basic_string<char>; typename MessageMemoryStrategyT::SharedPtr = std::shared_ptr<rclcpp::message_memory_strategy::MessageMemoryStrategy<const std::shared_ptr<const geometry_msgs::msg::PoseStamped_<std::allocator<void> > >&, std::allocator<void> > >][m[K’
[8.177s] [01m[K/opt/ros/foxy/include/rclcpp/node_impl.hpp:98:47:[m[K   required from ‘[01m[Kstd::shared_ptr<SubscriptionT> rclcpp::Node::create_subscription(const string&, const rclcpp::QoS&, CallbackT&&, const rclcpp::SubscriptionOptionsWithAllocator<AllocatorT>&, typename MessageMemoryStrategyT::SharedPtr) [with MessageT = geometry_msgs::msg::PoseStamped_<std::allocator<void> >; CallbackT = std::_Bind<void (moveit_servo::PoseTracking::*(moveit_servo::PoseTracking*, std::_Placeholder<1>))(const std::shared_ptr<const geometry_msgs::msg::PoseStamped_<std::allocator<void> > >&)>; AllocatorT = std::allocator<void>; CallbackMessageT = const std::shared_ptr<const geometry_msgs::msg::PoseStamped_<std::allocator<void> > >&; SubscriptionT = rclcpp::Subscription<const std::shared_ptr<const geometry_msgs::msg::PoseStamped_<std::allocator<void> > >&, std::allocator<void>, rclcpp::message_memory_strategy::MessageMemoryStrategy<const std::shared_ptr<const geometry_msgs::msg::PoseStamped_<std::allocator<void> > >&, std::allocator<void> > >; MessageMemoryStrategyT = rclcpp::message_memory_strategy::MessageMemoryStrategy<const std::shared_ptr<const geometry_msgs::msg::PoseStamped_<std::allocator<void> > >&, std::allocator<void> >; std::string = std::__cxx11::basic_string<char>; typename MessageMemoryStrategyT::SharedPtr = std::shared_ptr<rclcpp::message_memory_strategy::MessageMemoryStrategy<const std::shared_ptr<const geometry_msgs::msg::PoseStamped_<std::allocator<void> > >&, std::allocator<void> > >][m[K’
[8.177s] [01m[K/home/abishalini/ws_ros2/src/moveit2/moveit_ros/moveit_servo/src/pose_tracking.cpp:74:98:[m[K   required from here
[8.178s] [01m[K/opt/ros/foxy/include/rclcpp/subscription_factory.hpp:97:3:[m[K [01;31m[Kerror: [m[Kno matching function for call to ‘[01m[Krclcpp::AnySubscriptionCallback<const std::shared_ptr<const geometry_msgs::msg::PoseStamped_<std::allocator<void> > >&, std::allocator<void> >::set(std::_Bind<void (moveit_servo::PoseTracking::*(moveit_servo::PoseTracking*, std::_Placeholder<1>))(const std::shared_ptr<const geometry_msgs::msg::PoseStamped_<std::allocator<void> > >&)>)[m[K’
[8.178s]    97 |   [01;31m[Kany_subscription_callback[m[K.set(std::forward<CallbackT>(callback));
[8.178s]       |   [01;31m[K^~~~~~~~~~~~~~~~~~~~~~~~~[m[K
[8.178s] In file included from [01m[K/opt/ros/foxy/include/rclcpp/subscription_base.hpp:29[m[K,
[8.178s]                  from [01m[K/opt/ros/foxy/include/rclcpp/callback_group.hpp:26[m[K,
[8.178s]                  from [01m[K/opt/ros/foxy/include/rclcpp/node.hpp:39[m[K,
[8.178s]                  from [01m[K/opt/ros/foxy/include/control_toolbox/pid.hpp:42[m[K,
[8.178s]                  from [01m[K/home/abishalini/ws_ros2/src/moveit2/moveit_ros/moveit_servo/include/moveit_servo/pose_tracking.h:42[m[K,
[8.178s]                  from [01m[K/home/abishalini/ws_ros2/src/moveit2/moveit_ros/moveit_servo/src/pose_tracking.cpp:35[m[K:
[8.178s] [01m[K/opt/ros/foxy/include/rclcpp/any_subscription_callback.hpp:83:8:[m[K [01;36m[Knote: [m[Kcandidate: ‘[01m[Ktemplate<class CallbackT, typename std::enable_if<rclcpp::function_traits::same_arguments<CallbackT, std::function<void(std::shared_ptr<const std::shared_ptr<const geometry_msgs::msg::PoseStamped_<std::allocator<void> > >&>)> >::value, void>::type* <anonymous> > void rclcpp::AnySubscriptionCallback<MessageT, Alloc>::set(CallbackT) [with CallbackT = CallbackT; typename std::enable_if<rclcpp::function_traits::same_arguments<CallbackT, std::function<void(std::shared_ptr<_Tp>)> >::value>::type* <anonymous> = <enumerator>; MessageT = const std::shared_ptr<const geometry_msgs::msg::PoseStamped_<std::allocator<void> > >&; Alloc = std::allocator<void>][m[K’
[8.178s]    83 |   void [01;36m[Kset[m[K(CallbackT callback)
[8.178s]       |        [01;36m[K^~~[m[K
[8.178s] [01m[K/opt/ros/foxy/include/rclcpp/any_subscription_callback.hpp:83:8:[m[K [01;36m[Knote: [m[K  template argument deduction/substitution failed:
[8.179s] [01m[K/opt/ros/foxy/include/rclcpp/any_subscription_callback.hpp:81:17:[m[K [01;31m[Kerror: [m[Kno type named ‘[01m[Ktype[m[K’ in ‘[01m[Kstruct std::enable_if<false, void>[m[K’
[8.179s]    81 |     >::type * = [01;31m[Knullptr[m[K
[8.179s]       |                 [01;31m[K^~~~~~~[m[K
[8.179s] [01m[K/opt/ros/foxy/include/rclcpp/any_subscription_callback.hpp:97:8:[m[K [01;36m[Knote: [m[Kcandidate: ‘[01m[Ktemplate<class CallbackT, typename std::enable_if<rclcpp::function_traits::same_arguments<CallbackT, std::function<void(std::shared_ptr<const std::shared_ptr<const geometry_msgs::msg::PoseStamped_<std::allocator<void> > >&>, const rclcpp::MessageInfo&)> >::value, void>::type* <anonymous> > void rclcpp::AnySubscriptionCallback<MessageT, Alloc>::set(CallbackT) [with CallbackT = CallbackT; typename std::enable_if<rclcpp::function_traits::same_arguments<CallbackT, std::function<void(std::shared_ptr<_Tp>, const rclcpp::MessageInfo&)> >::value>::type* <anonymous> = <enumerator>; MessageT = const std::shared_ptr<const geometry_msgs::msg::PoseStamped_<std::allocator<void> > >&; Alloc = std::allocator<void>][m[K’
[8.179s]    97 |   void [01;36m[Kset[m[K(CallbackT callback)
[8.179s]       |        [01;36m[K^~~[m[K
[8.179s] [01m[K/opt/ros/foxy/include/rclcpp/any_subscription_callback.hpp:97:8:[m[K [01;36m[Knote: [m[K  template argument deduction/substitution failed:
[8.179s] [01m[K/opt/ros/foxy/include/rclcpp/any_subscription_callback.hpp:95:17:[m[K [01;31m[Kerror: [m[Kno type named ‘[01m[Ktype[m[K’ in ‘[01m[Kstruct std::enable_if<false, void>[m[K’
[8.179s]    95 |     >::type * = [01;31m[Knullptr[m[K
[8.179s]       |                 [01;31m[K^~~~~~~[m[K
[8.179s] [01m[K/opt/ros/foxy/include/rclcpp/any_subscription_callback.hpp:139:8:[m[K [01;36m[Knote: [m[Kcandidate: ‘[01m[Ktemplate<class CallbackT, typename std::enable_if<rclcpp::function_traits::same_arguments<CallbackT, std::function<void(std::unique_ptr<const std::shared_ptr<const geometry_msgs::msg::PoseStamped_<std::allocator<void> > >&, std::default_delete<const std::shared_ptr<const geometry_msgs::msg::PoseStamped_<std::allocator<void> > >&> >)> >::value, void>::type* <anonymous> > void rclcpp::AnySubscriptionCallback<MessageT, Alloc>::set(CallbackT) [with CallbackT = CallbackT; typename std::enable_if<rclcpp::function_traits::same_arguments<CallbackT, std::function<void(std::unique_ptr<MessageT, typename std::conditional<std::is_same<typename std::allocator_traits<typename std::allocator_traits<_Alloc>::rebind_traits<MessageT>::allocator_type>::rebind_alloc<MessageT>, typename std::allocator<void>::rebind<_Tp1>::other>::value, std::default_delete<_Tp>, rclcpp::allocator::AllocatorDeleter<typename std::allocator_traits<_Alloc>::rebind_traits<MessageT>::allocator_type> >::type>)> >::value>::type* <anonymous> = <enumerator>; MessageT = const std::shared_ptr<const geometry_msgs::msg::PoseStamped_<std::allocator<void> > >&; Alloc = std::allocator<void>][m[K’
[8.179s]   139 |   void [01;36m[Kset[m[K(CallbackT callback)
[8.180s]       |        [01;36m[K^~~[m[K
[8.180s] [01m[K/opt/ros/foxy/include/rclcpp/any_subscription_callback.hpp:139:8:[m[K [01;36m[Knote: [m[K  template argument deduction/substitution failed:
[8.180s] [01m[K/opt/ros/foxy/include/rclcpp/any_subscription_callback.hpp:137:17:[m[K [01;31m[Kerror: [m[Kno type named ‘[01m[Ktype[m[K’ in ‘[01m[Kstruct std::enable_if<false, void>[m[K’
[8.180s]   137 |     >::type * = [01;31m[Knullptr[m[K
[8.180s]       |                 [01;31m[K^~~~~~~[m[K
[8.180s] [01m[K/opt/ros/foxy/include/rclcpp/any_subscription_callback.hpp:153:8:[m[K [01;36m[Knote: [m[Kcandidate: ‘[01m[Ktemplate<class CallbackT, typename std::enable_if<rclcpp::function_traits::same_arguments<CallbackT, std::function<void(std::unique_ptr<const std::shared_ptr<const geometry_msgs::msg::PoseStamped_<std::allocator<void> > >&, std::default_delete<const std::shared_ptr<const geometry_msgs::msg::PoseStamped_<std::allocator<void> > >&> >, const rclcpp::MessageInfo&)> >::value, void>::type* <anonymous> > void rclcpp::AnySubscriptionCallback<MessageT, Alloc>::set(CallbackT) [with CallbackT = CallbackT; typename std::enable_if<rclcpp::function_traits::same_arguments<CallbackT, std::function<void(std::unique_ptr<MessageT, typename std::conditional<std::is_same<typename std::allocator_traits<typename std::allocator_traits<_Alloc>::rebind_traits<MessageT>::allocator_type>::rebind_alloc<MessageT>, typename std::allocator<void>::rebind<_Tp1>::other>::value, std::default_delete<_Tp>, rclcpp::allocator::AllocatorDeleter<typename std::allocator_traits<_Alloc>::rebind_traits<MessageT>::allocator_type> >::type>, const rclcpp::MessageInfo&)> >::value>::type* <anonymous> = <enumerator>; MessageT = const std::shared_ptr<const geometry_msgs::msg::PoseStamped_<std::allocator<void> > >&; Alloc = std::allocator<void>][m[K’
[8.180s]   153 |   void [01;36m[Kset[m[K(CallbackT callback)
[8.180s]       |        [01;36m[K^~~[m[K
[8.180s] [01m[K/opt/ros/foxy/include/rclcpp/any_subscription_callback.hpp:153:8:[m[K [01;36m[Knote: [m[K  template argument deduction/substitution failed:
[8.180s] [01m[K/opt/ros/foxy/include/rclcpp/any_subscription_callback.hpp:151:17:[m[K [01;31m[Kerror: [m[Kno type named ‘[01m[Ktype[m[K’ in ‘[01m[Kstruct std::enable_if<false, void>[m[K’
[8.180s]   151 |     >::type * = [01;31m[Knullptr[m[K
[8.181s]       |                 [01;31m[K^~~~~~~[m[K
[10.216s] In file included from [01m[K/usr/include/x86_64-linux-gnu/c++/9/bits/c++allocator.h:33[m[K,
[10.216s]                  from [01m[K/usr/include/c++/9/bits/allocator.h:46[m[K,
[10.216s]                  from [01m[K/usr/include/c++/9/memory:63[m[K,
[10.216s]                  from [01m[K/opt/ros/foxy/include/control_toolbox/pid.hpp:37[m[K,
[10.216s]                  from [01m[K/home/abishalini/ws_ros2/src/moveit2/moveit_ros/moveit_servo/include/moveit_servo/pose_tracking.h:42[m[K,
[10.216s]                  from [01m[K/home/abishalini/ws_ros2/src/moveit2/moveit_ros/moveit_servo/src/pose_tracking.cpp:35[m[K:
[10.217s] /usr/include/c++/9/ext/new_allocator.h: In instantiation of ‘[01m[Kclass __gnu_cxx::new_allocator<const std::shared_ptr<const geometry_msgs::msg::PoseStamped_<std::allocator<void> > >&>[m[K’:
[10.217s] [01m[K/usr/include/c++/9/bits/allocator.h:112:11:[m[K   required from ‘[01m[Kclass std::allocator<const std::shared_ptr<const geometry_msgs::msg::PoseStamped_<std::allocator<void> > >&>[m[K’
[10.217s] [01m[K/usr/include/c++/9/bits/shared_ptr_base.h:1365:63:[m[K   required by substitution of ‘[01m[Ktemplate<class _Yp> struct std::__shared_ptr<std::allocator<const std::shared_ptr<const geometry_msgs::msg::PoseStamped_<std::allocator<void> > >&>, __gnu_cxx::_S_atomic>::__has_esft_base<_Yp, std::__void_t<decltype (__enable_shared_from_this_base(declval<const std::__shared_count<__gnu_cxx::_S_atomic>&>(), declval<_Yp*>()))> > [with _Yp = std::allocator<const std::shared_ptr<const geometry_msgs::msg::PoseStamped_<std::allocator<void> > >&>][m[K’
[10.217s] [01m[K/usr/include/c++/9/bits/shared_ptr_base.h:1387:21:[m[K   required by substitution of ‘[01m[Ktemplate<class _Yp, class _Yp2> typename std::enable_if<(! std::__shared_ptr<std::allocator<const std::shared_ptr<const geometry_msgs::msg::PoseStamped_<std::allocator<void> > >&>, __gnu_cxx::_S_atomic>::__has_esft_base<_Yp2, void>::value), void>::type std::__shared_ptr<std::allocator<const std::shared_ptr<const geometry_msgs::msg::PoseStamped_<std::allocator<void> > >&>, __gnu_cxx::_S_atomic>::_M_enable_shared_from_this_with<_Yp, _Yp2>(_Yp*) [with _Yp = std::allocator<const std::shared_ptr<const geometry_msgs::msg::PoseStamped_<std::allocator<void> > >&>; _Yp2 = std::allocator<const std::shared_ptr<const geometry_msgs::msg::PoseStamped_<std::allocator<void> > >&>][m[K’
[10.217s] [01m[K/usr/include/c++/9/bits/shared_ptr_base.h:1345:4:[m[K   required from ‘[01m[Kstd::__shared_ptr<_Tp, _Lp>::__shared_ptr(std::_Sp_alloc_shared_tag<_Tp>, _Args&& ...) [with _Alloc = std::allocator<std::allocator<const std::shared_ptr<const geometry_msgs::msg::PoseStamped_<std::allocator<void> > >&> >; _Args = {std::allocator<void>&}; _Tp = std::allocator<const std::shared_ptr<const geometry_msgs::msg::PoseStamped_<std::allocator<void> > >&>; __gnu_cxx::_Lock_policy _Lp = __gnu_cxx::_S_atomic][m[K’
[10.217s] [01m[K/usr/include/c++/9/bits/shared_ptr.h:359:59:[m[K   [ skipping 2 instantiation contexts, use -ftemplate-backtrace-limit=0 to disable ]
[10.217s] [01m[K/usr/include/c++/9/bits/shared_ptr.h:717:39:[m[K   required from ‘[01m[Kstd::shared_ptr<_Tp> std::make_shared(_Args&& ...) [with _Tp = std::allocator<const std::shared_ptr<const geometry_msgs::msg::PoseStamped_<std::allocator<void> > >&>; _Args = {std::allocator<void>&}][m[K’
[10.217s] [01m[K/opt/ros/foxy/include/rclcpp/any_subscription_callback.hpp:68:56:[m[K   required from ‘[01m[Krclcpp::AnySubscriptionCallback<MessageT, Alloc>::AnySubscriptionCallback(std::shared_ptr<_Tp>) [with MessageT = const std::shared_ptr<const geometry_msgs::msg::PoseStamped_<std::allocator<void> > >&; Alloc = std::allocator<void>][m[K’
[10.217s] [01m[K/opt/ros/foxy/include/rclcpp/subscription_factory.hpp:96:57:[m[K   required from ‘[01m[Krclcpp::SubscriptionFactory rclcpp::create_subscription_factory(CallbackT&&, const rclcpp::SubscriptionOptionsWithAllocator<AllocatorT>&, typename MessageMemoryStrategyT::SharedPtr, std::shared_ptr<rclcpp::topic_statistics::SubscriptionTopicStatistics<CallbackMessageT> >) [with MessageT = geometry_msgs::msg::PoseStamped_<std::allocator<void> >; CallbackT = std::_Bind<void (moveit_servo::PoseTracking::*(moveit_servo::PoseTracking*, std::_Placeholder<1>))(const std::shared_ptr<const geometry_msgs::msg::PoseStamped_<std::allocator<void> > >&)>; AllocatorT = std::allocator<void>; CallbackMessageT = const std::shared_ptr<const geometry_msgs::msg::PoseStamped_<std::allocator<void> > >&; SubscriptionT = rclcpp::Subscription<const std::shared_ptr<const geometry_msgs::msg::PoseStamped_<std::allocator<void> > >&, std::allocator<void>, rclcpp::message_memory_strategy::MessageMemoryStrategy<const std::shared_ptr<const geometry_msgs::msg::PoseStamped_<std::allocator<void> > >&, std::allocator<void> > >; MessageMemoryStrategyT = rclcpp::message_memory_strategy::MessageMemoryStrategy<const std::shared_ptr<const geometry_msgs::msg::PoseStamped_<std::allocator<void> > >&, std::allocator<void> >; typename MessageMemoryStrategyT::SharedPtr = std::shared_ptr<rclcpp::message_memory_strategy::MessageMemoryStrategy<const std::shared_ptr<const geometry_msgs::msg::PoseStamped_<std::allocator<void> > >&, std::allocator<void> > >][m[K’
[10.217s] [01m[K/opt/ros/foxy/include/rclcpp/create_subscription.hpp:138:63:[m[K   required from ‘[01m[Kstd::shared_ptr<SubscriptionT> rclcpp::create_subscription(NodeT&&, const string&, const rclcpp::QoS&, CallbackT&&, const rclcpp::SubscriptionOptionsWithAllocator<AllocatorT>&, typename MessageMemoryStrategyT::SharedPtr) [with MessageT = geometry_msgs::msg::PoseStamped_<std::allocator<void> >; CallbackT = std::_Bind<void (moveit_servo::PoseTracking::*(moveit_servo::PoseTracking*, std::_Placeholder<1>))(const std::shared_ptr<const geometry_msgs::msg::PoseStamped_<std::allocator<void> > >&)>; AllocatorT = std::allocator<void>; CallbackMessageT = const std::shared_ptr<const geometry_msgs::msg::PoseStamped_<std::allocator<void> > >&; SubscriptionT = rclcpp::Subscription<const std::shared_ptr<const geometry_msgs::msg::PoseStamped_<std::allocator<void> > >&, std::allocator<void>, rclcpp::message_memory_strategy::MessageMemoryStrategy<const std::shared_ptr<const geometry_msgs::msg::PoseStamped_<std::allocator<void> > >&, std::allocator<void> > >; MessageMemoryStrategyT = rclcpp::message_memory_strategy::MessageMemoryStrategy<const std::shared_ptr<const geometry_msgs::msg::PoseStamped_<std::allocator<void> > >&, std::allocator<void> >; NodeT = rclcpp::Node&; std::string = std::__cxx11::basic_string<char>; typename MessageMemoryStrategyT::SharedPtr = std::shared_ptr<rclcpp::message_memory_strategy::MessageMemoryStrategy<const std::shared_ptr<const geometry_msgs::msg::PoseStamped_<std::allocator<void> > >&, std::allocator<void> > >][m[K’
[10.218s] [01m[K/opt/ros/foxy/include/rclcpp/node_impl.hpp:98:47:[m[K   required from ‘[01m[Kstd::shared_ptr<SubscriptionT> rclcpp::Node::create_subscription(const string&, const rclcpp::QoS&, CallbackT&&, const rclcpp::SubscriptionOptionsWithAllocator<AllocatorT>&, typename MessageMemoryStrategyT::SharedPtr) [with MessageT = geometry_msgs::msg::PoseStamped_<std::allocator<void> >; CallbackT = std::_Bind<void (moveit_servo::PoseTracking::*(moveit_servo::PoseTracking*, std::_Placeholder<1>))(const std::shared_ptr<const geometry_msgs::msg::PoseStamped_<std::allocator<void> > >&)>; AllocatorT = std::allocator<void>; CallbackMessageT = const std::shared_ptr<const geometry_msgs::msg::PoseStamped_<std::allocator<void> > >&; SubscriptionT = rclcpp::Subscription<const std::shared_ptr<const geometry_msgs::msg::PoseStamped_<std::allocator<void> > >&, std::allocator<void>, rclcpp::message_memory_strategy::MessageMemoryStrategy<const std::shared_ptr<const geometry_msgs::msg::PoseStamped_<std::allocator<void> > >&, std::allocator<void> > >; MessageMemoryStrategyT = rclcpp::message_memory_strategy::MessageMemoryStrategy<const std::shared_ptr<const geometry_msgs::msg::PoseStamped_<std::allocator<void> > >&, std::allocator<void> >; std::string = std::__cxx11::basic_string<char>; typename MessageMemoryStrategyT::SharedPtr = std::shared_ptr<rclcpp::message_memory_strategy::MessageMemoryStrategy<const std::shared_ptr<const geometry_msgs::msg::PoseStamped_<std::allocator<void> > >&, std::allocator<void> > >][m[K’
[10.218s] [01m[K/home/abishalini/ws_ros2/src/moveit2/moveit_ros/moveit_servo/src/pose_tracking.cpp:74:98:[m[K   required from here
[10.218s] [01m[K/usr/include/c++/9/ext/new_allocator.h:63:26:[m[K [01;31m[Kerror: [m[Kforming pointer to reference type ‘[01m[Kconst std::shared_ptr<const geometry_msgs::msg::PoseStamped_<std::allocator<void> > >&[m[K’
[10.218s]    63 |       typedef _Tp*       [01;31m[Kpointer[m[K;
[10.218s]       |                          [01;31m[K^~~~~~~[m[K
[10.218s] [01m[K/usr/include/c++/9/ext/new_allocator.h:64:26:[m[K [01;31m[Kerror: [m[Kforming pointer to reference type ‘[01m[Kconst std::shared_ptr<const geometry_msgs::msg::PoseStamped_<std::allocator<void> > >&[m[K’
[10.218s]    64 |       typedef const _Tp* [01;31m[Kconst_pointer[m[K;
[10.218s]       |                          [01;31m[K^~~~~~~~~~~~~[m[K
[10.218s] In file included from [01m[K/usr/include/c++/9/memory:63[m[K,
[10.218s]                  from [01m[K/opt/ros/foxy/include/control_toolbox/pid.hpp:37[m[K,
[10.218s]                  from [01m[K/home/abishalini/ws_ros2/src/moveit2/moveit_ros/moveit_servo/include/moveit_servo/pose_tracking.h:42[m[K,
[10.218s]                  from [01m[K/home/abishalini/ws_ros2/src/moveit2/moveit_ros/moveit_servo/src/pose_tracking.cpp:35[m[K:
[10.218s] /usr/include/c++/9/bits/allocator.h: In instantiation of ‘[01m[Kclass std::allocator<const std::shared_ptr<const geometry_msgs::msg::PoseStamped_<std::allocator<void> > >&>[m[K’:
[10.219s] [01m[K/usr/include/c++/9/bits/shared_ptr_base.h:1365:63:[m[K   required by substitution of ‘[01m[Ktemplate<class _Yp> struct std::__shared_ptr<std::allocator<const std::shared_ptr<const geometry_msgs::msg::PoseStamped_<std::allocator<void> > >&>, __gnu_cxx::_S_atomic>::__has_esft_base<_Yp, std::__void_t<decltype (__enable_shared_from_this_base(declval<const std::__shared_count<__gnu_cxx::_S_atomic>&>(), declval<_Yp*>()))> > [with _Yp = std::allocator<const std::shared_ptr<const geometry_msgs::msg::PoseStamped_<std::allocator<void> > >&>][m[K’
[10.219s] [01m[K/usr/include/c++/9/bits/shared_ptr_base.h:1387:21:[m[K   required by substitution of ‘[01m[Ktemplate<class _Yp, class _Yp2> typename std::enable_if<(! std::__shared_ptr<std::allocator<const std::shared_ptr<const geometry_msgs::msg::PoseStamped_<std::allocator<void> > >&>, __gnu_cxx::_S_atomic>::__has_esft_base<_Yp2, void>::value), void>::type std::__shared_ptr<std::allocator<const std::shared_ptr<const geometry_msgs::msg::PoseStamped_<std::allocator<void> > >&>, __gnu_cxx::_S_atomic>::_M_enable_shared_from_this_with<_Yp, _Yp2>(_Yp*) [with _Yp = std::allocator<const std::shared_ptr<const geometry_msgs::msg::PoseStamped_<std::allocator<void> > >&>; _Yp2 = std::allocator<const std::shared_ptr<const geometry_msgs::msg::PoseStamped_<std::allocator<void> > >&>][m[K’
[10.219s] [01m[K/usr/include/c++/9/bits/shared_ptr_base.h:1345:4:[m[K   required from ‘[01m[Kstd::__shared_ptr<_Tp, _Lp>::__shared_ptr(std::_Sp_alloc_shared_tag<_Tp>, _Args&& ...) [with _Alloc = std::allocator<std::allocator<const std::shared_ptr<const geometry_msgs::msg::PoseStamped_<std::allocator<void> > >&> >; _Args = {std::allocator<void>&}; _Tp = std::allocator<const std::shared_ptr<const geometry_msgs::msg::PoseStamped_<std::allocator<void> > >&>; __gnu_cxx::_Lock_policy _Lp = __gnu_cxx::_S_atomic][m[K’
[10.219s] [01m[K/usr/include/c++/9/bits/shared_ptr.h:359:59:[m[K   required from ‘[01m[Kstd::shared_ptr<_Tp>::shared_ptr(std::_Sp_alloc_shared_tag<_Tp>, _Args&& ...) [with _Alloc = std::allocator<std::allocator<const std::shared_ptr<const geometry_msgs::msg::PoseStamped_<std::allocator<void> > >&> >; _Args = {std::allocator<void>&}; _Tp = std::allocator<const std::shared_ptr<const geometry_msgs::msg::PoseStamped_<std::allocator<void> > >&>][m[K’
[10.219s] [01m[K/usr/include/c++/9/bits/shared_ptr.h:701:14:[m[K   required from ‘[01m[Kstd::shared_ptr<_Tp> std::allocate_shared(const _Alloc&, _Args&& ...) [with _Tp = std::allocator<const std::shared_ptr<const geometry_msgs::msg::PoseStamped_<std::allocator<void> > >&>; _Alloc = std::allocator<std::allocator<const std::shared_ptr<const geometry_msgs::msg::PoseStamped_<std::allocator<void> > >&> >; _Args = {std::allocator<void>&}][m[K’
[10.219s] [01m[K/usr/include/c++/9/bits/shared_ptr.h:717:39:[m[K   required from ‘[01m[Kstd::shared_ptr<_Tp> std::make_shared(_Args&& ...) [with _Tp = std::allocator<const std::shared_ptr<const geometry_msgs::msg::PoseStamped_<std::allocator<void> > >&>; _Args = {std::allocator<void>&}][m[K’
[10.219s] [01m[K/opt/ros/foxy/include/rclcpp/any_subscription_callback.hpp:68:56:[m[K   required from ‘[01m[Krclcpp::AnySubscriptionCallback<MessageT, Alloc>::AnySubscriptionCallback(std::shared_ptr<_Tp>) [with MessageT = const std::shared_ptr<const geometry_msgs::msg::PoseStamped_<std::allocator<void> > >&; Alloc = std::allocator<void>][m[K’
[10.219s] [01m[K/opt/ros/foxy/include/rclcpp/subscription_factory.hpp:96:57:[m[K   required from ‘[01m[Krclcpp::SubscriptionFactory rclcpp::create_subscription_factory(CallbackT&&, const rclcpp::SubscriptionOptionsWithAllocator<AllocatorT>&, typename MessageMemoryStrategyT::SharedPtr, std::shared_ptr<rclcpp::topic_statistics::SubscriptionTopicStatistics<CallbackMessageT> >) [with MessageT = geometry_msgs::msg::PoseStamped_<std::allocator<void> >; CallbackT = std::_Bind<void (moveit_servo::PoseTracking::*(moveit_servo::PoseTracking*, std::_Placeholder<1>))(const std::shared_ptr<const geometry_msgs::msg::PoseStamped_<std::allocator<void> > >&)>; AllocatorT = std::allocator<void>; CallbackMessageT = const std::shared_ptr<const geometry_msgs::msg::PoseStamped_<std::allocator<void> > >&; SubscriptionT = rclcpp::Subscription<const std::shared_ptr<const geometry_msgs::msg::PoseStamped_<std::allocator<void> > >&, std::allocator<void>, rclcpp::message_memory_strategy::MessageMemoryStrategy<const std::shared_ptr<const geometry_msgs::msg::PoseStamped_<std::allocator<void> > >&, std::allocator<void> > >; MessageMemoryStrategyT = rclcpp::message_memory_strategy::MessageMemoryStrategy<const std::shared_ptr<const geometry_msgs::msg::PoseStamped_<std::allocator<void> > >&, std::allocator<void> >; typename MessageMemoryStrategyT::SharedPtr = std::shared_ptr<rclcpp::message_memory_strategy::MessageMemoryStrategy<const std::shared_ptr<const geometry_msgs::msg::PoseStamped_<std::allocator<void> > >&, std::allocator<void> > >][m[K’
[10.219s] [01m[K/opt/ros/foxy/include/rclcpp/create_subscription.hpp:138:63:[m[K   required from ‘[01m[Kstd::shared_ptr<SubscriptionT> rclcpp::create_subscription(NodeT&&, const string&, const rclcpp::QoS&, CallbackT&&, const rclcpp::SubscriptionOptionsWithAllocator<AllocatorT>&, typename MessageMemoryStrategyT::SharedPtr) [with MessageT = geometry_msgs::msg::PoseStamped_<std::allocator<void> >; CallbackT = std::_Bind<void (moveit_servo::PoseTracking::*(moveit_servo::PoseTracking*, std::_Placeholder<1>))(const std::shared_ptr<const geometry_msgs::msg::PoseStamped_<std::allocator<void> > >&)>; AllocatorT = std::allocator<void>; CallbackMessageT = const std::shared_ptr<const geometry_msgs::msg::PoseStamped_<std::allocator<void> > >&; SubscriptionT = rclcpp::Subscription<const std::shared_ptr<const geometry_msgs::msg::PoseStamped_<std::allocator<void> > >&, std::allocator<void>, rclcpp::message_memory_strategy::MessageMemoryStrategy<const std::shared_ptr<const geometry_msgs::msg::PoseStamped_<std::allocator<void> > >&, std::allocator<void> > >; MessageMemoryStrategyT = rclcpp::message_memory_strategy::MessageMemoryStrategy<const std::shared_ptr<const geometry_msgs::msg::PoseStamped_<std::allocator<void> > >&, std::allocator<void> >; NodeT = rclcpp::Node&; std::string = std::__cxx11::basic_string<char>; typename MessageMemoryStrategyT::SharedPtr = std::shared_ptr<rclcpp::message_memory_strategy::MessageMemoryStrategy<const std::shared_ptr<const geometry_msgs::msg::PoseStamped_<std::allocator<void> > >&, std::allocator<void> > >][m[K’
[10.219s] [01m[K/opt/ros/foxy/include/rclcpp/node_impl.hpp:98:47:[m[K   required from ‘[01m[Kstd::shared_ptr<SubscriptionT> rclcpp::Node::create_subscription(const string&, const rclcpp::QoS&, CallbackT&&, const rclcpp::SubscriptionOptionsWithAllocator<AllocatorT>&, typename MessageMemoryStrategyT::SharedPtr) [with MessageT = geometry_msgs::msg::PoseStamped_<std::allocator<void> >; CallbackT = std::_Bind<void (moveit_servo::PoseTracking::*(moveit_servo::PoseTracking*, std::_Placeholder<1>))(const std::shared_ptr<const geometry_msgs::msg::PoseStamped_<std::allocator<void> > >&)>; AllocatorT = std::allocator<void>; CallbackMessageT = const std::shared_ptr<const geometry_msgs::msg::PoseStamped_<std::allocator<void> > >&; SubscriptionT = rclcpp::Subscription<const std::shared_ptr<const geometry_msgs::msg::PoseStamped_<std::allocator<void> > >&, std::allocator<void>, rclcpp::message_memory_strategy::MessageMemoryStrategy<const std::shared_ptr<const geometry_msgs::msg::PoseStamped_<std::allocator<void> > >&, std::allocator<void> > >; MessageMemoryStrategyT = rclcpp::message_memory_strategy::MessageMemoryStrategy<const std::shared_ptr<const geometry_msgs::msg::PoseStamped_<std::allocator<void> > >&, std::allocator<void> >; std::string = std::__cxx11::basic_string<char>; typename MessageMemoryStrategyT::SharedPtr = std::shared_ptr<rclcpp::message_memory_strategy::MessageMemoryStrategy<const std::shared_ptr<const geometry_msgs::msg::PoseStamped_<std::allocator<void> > >&, std::allocator<void> > >][m[K’
[10.219s] [01m[K/home/abishalini/ws_ros2/src/moveit2/moveit_ros/moveit_servo/src/pose_tracking.cpp:74:98:[m[K   required from here
[10.219s] [01m[K/usr/include/c++/9/bits/allocator.h:117:26:[m[K [01;31m[Kerror: [m[Kforming pointer to reference type ‘[01m[Kconst std::shared_ptr<const geometry_msgs::msg::PoseStamped_<std::allocator<void> > >&[m[K’
[10.219s]   117 |       typedef _Tp*       [01;31m[Kpointer[m[K;
[10.220s]       |                          [01;31m[K^~~~~~~[m[K
[10.220s] [01m[K/usr/include/c++/9/bits/allocator.h:118:26:[m[K [01;31m[Kerror: [m[Kforming pointer to reference type ‘[01m[Kconst std::shared_ptr<const geometry_msgs::msg::PoseStamped_<std::allocator<void> > >&[m[K’
[10.220s]   118 |       typedef const _Tp* [01;31m[Kconst_pointer[m[K;
[10.220s]       |                          [01;31m[K^~~~~~~~~~~~~[m[K
[11.479s] In file included from [01m[K/usr/include/c++/9/bits/shared_ptr.h:52[m[K,
[11.480s]                  from [01m[K/usr/include/c++/9/memory:81[m[K,
[11.480s]                  from [01m[K/opt/ros/foxy/include/control_toolbox/pid.hpp:37[m[K,
[11.480s]                  from [01m[K/home/abishalini/ws_ros2/src/moveit2/moveit_ros/moveit_servo/include/moveit_servo/pose_tracking.h:42[m[K,
[11.480s]                  from [01m[K/home/abishalini/ws_ros2/src/moveit2/moveit_ros/moveit_servo/src/pose_tracking.cpp:35[m[K:
[11.480s] /usr/include/c++/9/bits/shared_ptr_base.h: In instantiation of ‘[01m[Kclass std::__shared_ptr_access<const std::shared_ptr<const geometry_msgs::msg::PoseStamped_<std::allocator<void> > >&, __gnu_cxx::_S_atomic, false, false>[m[K’:
[11.480s] [01m[K/usr/include/c++/9/bits/shared_ptr_base.h:1080:11:[m[K   required from ‘[01m[Kclass std::__shared_ptr<const std::shared_ptr<const geometry_msgs::msg::PoseStamped_<std::allocator<void> > >&, __gnu_cxx::_S_atomic>[m[K’
[11.480s] [01m[K/opt/ros/foxy/include/rclcpp/message_memory_strategy.hpp:85:37:[m[K   recursively required from ‘[01m[Kstd::shared_ptr<_Tp> rclcpp::message_memory_strategy::MessageMemoryStrategy<MessageT, Alloc>::borrow_message() [with MessageT = const std::shared_ptr<const geometry_msgs::msg::PoseStamped_<std::allocator<void> > >&; Alloc = std::allocator<void>][m[K’
[11.480s] [01m[K/opt/ros/foxy/include/rclcpp/message_memory_strategy.hpp:85:37:[m[K   required from here
[11.481s] [01m[K/usr/include/c++/9/bits/shared_ptr_base.h:1012:7:[m[K [01;31m[Kerror: [m[Kforming pointer to reference type ‘[01m[Kstd::__shared_ptr_access<const std::shared_ptr<const geometry_msgs::msg::PoseStamped_<std::allocator<void> > >&, __gnu_cxx::_S_atomic, false, false>::element_type[m[K’ {aka ‘[01m[Kconst std::shared_ptr<const geometry_msgs::msg::PoseStamped_<std::allocator<void> > >&[m[K’}
[11.481s]  1012 |       [01;31m[Koperator[m[K->() const noexcept
[11.481s]       |       [01;31m[K^~~~~~~~[m[K
[11.481s] [01m[K/usr/include/c++/9/bits/shared_ptr_base.h:1020:7:[m[K [01;31m[Kerror: [m[Kforming pointer to reference type ‘[01m[Kstd::__shared_ptr_access<const std::shared_ptr<const geometry_msgs::msg::PoseStamped_<std::allocator<void> > >&, __gnu_cxx::_S_atomic, false, false>::element_type[m[K’ {aka ‘[01m[Kconst std::shared_ptr<const geometry_msgs::msg::PoseStamped_<std::allocator<void> > >&[m[K’}
[11.481s]  1020 |       [01;31m[K_M_get[m[K() const noexcept
[11.481s]       |       [01;31m[K^~~~~~[m[K
[11.481s] /usr/include/c++/9/bits/shared_ptr_base.h: In instantiation of ‘[01m[Kclass std::__shared_ptr<const std::shared_ptr<const geometry_msgs::msg::PoseStamped_<std::allocator<void> > >&, __gnu_cxx::_S_atomic>[m[K’:
[11.481s] [01m[K/opt/ros/foxy/include/rclcpp/message_memory_strategy.hpp:85:37:[m[K   recursively required from ‘[01m[Kstd::shared_ptr<_Tp> rclcpp::message_memory_strategy::MessageMemoryStrategy<MessageT, Alloc>::borrow_message() [with MessageT = const std::shared_ptr<const geometry_msgs::msg::PoseStamped_<std::allocator<void> > >&; Alloc = std::allocator<void>][m[K’
[11.481s] [01m[K/opt/ros/foxy/include/rclcpp/message_memory_strategy.hpp:85:37:[m[K   required from here
[11.481s] [01m[K/usr/include/c++/9/bits/shared_ptr_base.h:1094:8:[m[K [01;31m[Kerror: [m[Kforming pointer to reference type ‘[01m[Kconst std::shared_ptr<const geometry_msgs::msg::PoseStamped_<std::allocator<void> > >&[m[K’
[11.481s]  1094 |  using [01;31m[K_Compatible[m[K = typename
[11.481s]       |        [01;31m[K^~~~~~~~~~~[m[K
[11.481s] [01m[K/usr/include/c++/9/bits/shared_ptr_base.h:1104:8:[m[K [01;31m[Kerror: [m[Kforming pointer to reference type ‘[01m[Kconst std::shared_ptr<const geometry_msgs::msg::PoseStamped_<std::allocator<void> > >&[m[K’
[11.482s]  1104 |  using [01;31m[K_UniqCompatible[m[K = typename enable_if<__and_<
[11.482s]       |        [01;31m[K^~~~~~~~~~~~~~~[m[K
[11.482s] [01m[K/usr/include/c++/9/bits/shared_ptr_base.h:1162:2:[m[K [01;31m[Kerror: [m[Kforming pointer to reference type ‘[01m[Kstd::__shared_ptr<const std::shared_ptr<const geometry_msgs::msg::PoseStamped_<std::allocator<void> > >&, __gnu_cxx::_S_atomic>::element_type[m[K’ {aka ‘[01m[Kconst std::shared_ptr<const geometry_msgs::msg::PoseStamped_<std::allocator<void> > >&[m[K’}
[11.482s]  1162 |  [01;31m[K__shared_ptr[m[K(const __shared_ptr<_Yp, _Lp>& __r,
[11.482s]       |  [01;31m[K^~~~~~~~~~~~[m[K
[11.482s] /usr/include/c++/9/bits/shared_ptr_base.h: In substitution of ‘[01m[Ktemplate<class _Tp, __gnu_cxx::_Lock_policy _Lp> template<class _Yp, class _Res> using _Compatible = typename std::enable_if<std::__sp_compatible_with<_Yp*, _Tp*>::value, _Res>::type [with _Yp = _Yp; _Res = void; _Tp = const std::shared_ptr<const geometry_msgs::msg::PoseStamped_<std::allocator<void> > >&; __gnu_cxx::_Lock_policy _Lp = __gnu_cxx::_S_atomic][m[K’:
[11.482s] [01m[K/usr/include/c++/9/bits/shared_ptr_base.h:1172:2:[m[K   required from ‘[01m[Kclass std::__shared_ptr<const std::shared_ptr<const geometry_msgs::msg::PoseStamped_<std::allocator<void> > >&, __gnu_cxx::_S_atomic>[m[K’
[11.482s] [01m[K/opt/ros/foxy/include/rclcpp/message_memory_strategy.hpp:85:37:[m[K   recursively required from ‘[01m[Kstd::shared_ptr<_Tp> rclcpp::message_memory_strategy::MessageMemoryStrategy<MessageT, Alloc>::borrow_message() [with MessageT = const std::shared_ptr<const geometry_msgs::msg::PoseStamped_<std::allocator<void> > >&; Alloc = std::allocator<void>][m[K’
[11.482s] [01m[K/opt/ros/foxy/include/rclcpp/message_memory_strategy.hpp:85:37:[m[K   required from here
[11.482s] [01m[K/usr/include/c++/9/bits/shared_ptr_base.h:1094:8:[m[K [01;31m[Kerror: [m[Kforming pointer to reference type ‘[01m[Kconst std::shared_ptr<const geometry_msgs::msg::PoseStamped_<std::allocator<void> > >&[m[K’
[11.482s]  1094 |  using [01;31m[K_Compatible[m[K = typename
[11.482s]       |        [01;31m[K^~~~~~~~~~~[m[K
[11.483s] /usr/include/c++/9/bits/shared_ptr_base.h: In substitution of ‘[01m[Ktemplate<class _Tp, __gnu_cxx::_Lock_policy _Lp> template<class _Yp, class _Del, class _Res, class _Ptr> using _UniqCompatible = typename std::enable_if<std::__and_<std::__sp_compatible_with<_Yp*, _Tp*>, std::is_convertible<_Ptr, typename std::remove_extent<_Up>::type*> >::value, _Res>::type [with _Yp = _Yp; _Del = _Del; _Res = void; _Ptr = typename std::unique_ptr<_Tp, _Dp>::pointer; _Tp = const std::shared_ptr<const geometry_msgs::msg::PoseStamped_<std::allocator<void> > >&; __gnu_cxx::_Lock_policy _Lp = __gnu_cxx::_S_atomic][m[K’:
[11.483s] [01m[K/usr/include/c++/9/bits/shared_ptr_base.h:1203:2:[m[K   required from ‘[01m[Kclass std::__shared_ptr<const std::shared_ptr<const geometry_msgs::msg::PoseStamped_<std::allocator<void> > >&, __gnu_cxx::_S_atomic>[m[K’
[11.483s] [01m[K/opt/ros/foxy/include/rclcpp/message_memory_strategy.hpp:85:37:[m[K   recursively required from ‘[01m[Kstd::shared_ptr<_Tp> rclcpp::message_memory_strategy::MessageMemoryStrategy<MessageT, Alloc>::borrow_message() [with MessageT = const std::shared_ptr<const geometry_msgs::msg::PoseStamped_<std::allocator<void> > >&; Alloc = std::allocator<void>][m[K’
[11.483s] [01m[K/opt/ros/foxy/include/rclcpp/message_memory_strategy.hpp:85:37:[m[K   required from here
[11.483s] [01m[K/usr/include/c++/9/bits/shared_ptr_base.h:1104:8:[m[K [01;31m[Kerror: [m[Kforming pointer to reference type ‘[01m[Kconst std::shared_ptr<const geometry_msgs::msg::PoseStamped_<std::allocator<void> > >&[m[K’
[11.483s]  1104 |  using [01;31m[K_UniqCompatible[m[K = typename enable_if<__and_<
[11.483s]       |        [01;31m[K^~~~~~~~~~~~~~~[m[K
[11.483s] /usr/include/c++/9/bits/shared_ptr_base.h: In instantiation of ‘[01m[Kclass std::__shared_ptr<const std::shared_ptr<const geometry_msgs::msg::PoseStamped_<std::allocator<void> > >&, __gnu_cxx::_S_atomic>[m[K’:
[11.483s] [01m[K/opt/ros/foxy/include/rclcpp/message_memory_strategy.hpp:85:37:[m[K   recursively required from ‘[01m[Kstd::shared_ptr<_Tp> rclcpp::message_memory_strategy::MessageMemoryStrategy<MessageT, Alloc>::borrow_message() [with MessageT = const std::shared_ptr<const geometry_msgs::msg::PoseStamped_<std::allocator<void> > >&; Alloc = std::allocator<void>][m[K’
[11.483s] [01m[K/opt/ros/foxy/include/rclcpp/message_memory_strategy.hpp:85:37:[m[K   required from here
[11.484s] [01m[K/usr/include/c++/9/bits/shared_ptr_base.h:1219:2:[m[K [01;31m[Kerror: [m[Kforming pointer to reference type ‘[01m[Kconst std::shared_ptr<const geometry_msgs::msg::PoseStamped_<std::allocator<void> > >&[m[K’
[11.484s]  1219 |  [01;31m[K__shared_ptr[m[K(unique_ptr<_Tp1, _Del>&& __r, __sp_array_delete)
[11.484s]       |  [01;31m[K^~~~~~~~~~~~[m[K
[11.484s] [01m[K/usr/include/c++/9/bits/shared_ptr_base.h:1309:7:[m[K [01;31m[Kerror: [m[Kforming pointer to reference type ‘[01m[Kstd::__shared_ptr<const std::shared_ptr<const geometry_msgs::msg::PoseStamped_<std::allocator<void> > >&, __gnu_cxx::_S_atomic>::element_type[m[K’ {aka ‘[01m[Kconst std::shared_ptr<const geometry_msgs::msg::PoseStamped_<std::allocator<void> > >&[m[K’}
[11.484s]  1309 |       [01;31m[Kget[m[K() const noexcept
[11.484s]       |       [01;31m[K^~~[m[K
[11.484s] [01m[K/usr/include/c++/9/bits/shared_ptr_base.h:1404:24:[m[K [01;31m[Kerror: [m[Kforming pointer to reference type ‘[01m[Kstd::__shared_ptr<const std::shared_ptr<const geometry_msgs::msg::PoseStamped_<std::allocator<void> > >&, __gnu_cxx::_S_atomic>::element_type[m[K’ {aka ‘[01m[Kconst std::shared_ptr<const geometry_msgs::msg::PoseStamped_<std::allocator<void> > >&[m[K’}
[11.484s]  1404 |       element_type*    [01;31m[K_M_ptr[m[K;         // Contained pointer.
[11.484s]       |                        [01;31m[K^~~~~~[m[K
[11.484s] In file included from [01m[K/usr/include/c++/9/memory:81[m[K,
[11.484s]                  from [01m[K/opt/ros/foxy/include/control_toolbox/pid.hpp:37[m[K,
[11.484s]                  from [01m[K/home/abishalini/ws_ros2/src/moveit2/moveit_ros/moveit_servo/include/moveit_servo/pose_tracking.h:42[m[K,
[11.485s]                  from [01m[K/home/abishalini/ws_ros2/src/moveit2/moveit_ros/moveit_servo/src/pose_tracking.cpp:35[m[K:
[11.485s] /usr/include/c++/9/bits/shared_ptr.h: In instantiation of ‘[01m[Kclass std::shared_ptr<const std::shared_ptr<const geometry_msgs::msg::PoseStamped_<std::allocator<void> > >&>[m[K’:
[11.485s] [01m[K/opt/ros/foxy/include/rclcpp/message_memory_strategy.hpp:85:37:[m[K   recursively required from ‘[01m[Kstd::shared_ptr<_Tp> rclcpp::message_memory_strategy::MessageMemoryStrategy<MessageT, Alloc>::borrow_message() [with MessageT = const std::shared_ptr<const geometry_msgs::msg::PoseStamped_<std::allocator<void> > >&; Alloc = std::allocator<void>][m[K’
[11.485s] [01m[K/opt/ros/foxy/include/rclcpp/message_memory_strategy.hpp:85:37:[m[K   required from here
[11.485s] [01m[K/usr/include/c++/9/bits/shared_ptr.h:234:2:[m[K [01;31m[Kerror: [m[Kforming pointer to reference type ‘[01m[Kstd::shared_ptr<const std::shared_ptr<const geometry_msgs::msg::PoseStamped_<std::allocator<void> > >&>::element_type[m[K’ {aka ‘[01m[Kconst std::shared_ptr<const geometry_msgs::msg::PoseStamped_<std::allocator<void> > >&[m[K’}
[11.485s]   234 |  [01;31m[Kshared_ptr[m[K(const shared_ptr<_Yp>& __r, element_type* __p) noexcept
[11.485s]       |  [01;31m[K^~~~~~~~~~[m[K
[11.533s] In file included from [01m[K/usr/include/c++/9/bits/shared_ptr.h:52[m[K,
[11.533s]                  from [01m[K/usr/include/c++/9/memory:81[m[K,
[11.533s]                  from [01m[K/opt/ros/foxy/include/control_toolbox/pid.hpp:37[m[K,
[11.533s]                  from [01m[K/home/abishalini/ws_ros2/src/moveit2/moveit_ros/moveit_servo/include/moveit_servo/pose_tracking.h:42[m[K,
[11.533s]                  from [01m[K/home/abishalini/ws_ros2/src/moveit2/moveit_ros/moveit_servo/src/pose_tracking.cpp:35[m[K:
[11.534s] /usr/include/c++/9/bits/shared_ptr_base.h: In instantiation of ‘[01m[Kconstexpr std::__shared_ptr<_Tp, _Lp>::__shared_ptr() [with _Tp = const std::shared_ptr<const geometry_msgs::msg::PoseStamped_<std::allocator<void> > >&; __gnu_cxx::_Lock_policy _Lp = __gnu_cxx::_S_atomic][m[K’:
[11.534s] [01m[K/usr/include/c++/9/bits/shared_ptr_base.h:1287:9:[m[K   required from ‘[01m[Kvoid std::__shared_ptr<_Tp, _Lp>::reset() [with _Tp = const std::shared_ptr<const geometry_msgs::msg::PoseStamped_<std::allocator<void> > >&; __gnu_cxx::_Lock_policy _Lp = __gnu_cxx::_S_atomic][m[K’
[11.534s] [01m[K/opt/ros/foxy/include/rclcpp/message_memory_strategy.hpp:109:5:[m[K   required from ‘[01m[Kvoid rclcpp::message_memory_strategy::MessageMemoryStrategy<MessageT, Alloc>::return_message(std::shared_ptr<_Tp>&) [with MessageT = const std::shared_ptr<const geometry_msgs::msg::PoseStamped_<std::allocator<void> > >&; Alloc = std::allocator<void>][m[K’
[11.534s] [01m[K/opt/ros/foxy/include/rclcpp/message_memory_strategy.hpp:107:16:[m[K   required from here
[11.534s] [01m[K/usr/include/c++/9/bits/shared_ptr_base.h:1119:32:[m[K [01;31m[Kerror: [m[Kusing invalid field ‘[01m[Kstd::__shared_ptr<_Tp, _Lp>::_M_ptr[m[K’
[11.534s]  1119 |       : _M_ptr(0), _M_refcount([01;31m[K)[m[K
[11.534s]       |                                [01;31m[K^[m[K
[11.534s] /usr/include/c++/9/bits/shared_ptr_base.h: In instantiation of ‘[01m[Kvoid std::__shared_ptr<_Tp, _Lp>::swap(std::__shared_ptr<_Tp, _Lp>&) [with _Tp = const std::shared_ptr<const geometry_msgs::msg::PoseStamped_<std::allocator<void> > >&; __gnu_cxx::_Lock_policy _Lp = __gnu_cxx::_S_atomic][m[K’:
[11.534s] [01m[K/usr/include/c++/9/bits/shared_ptr_base.h:1287:24:[m[K   required from ‘[01m[Kvoid std::__shared_ptr<_Tp, _Lp>::reset() [with _Tp = const std::shared_ptr<const geometry_msgs::msg::PoseStamped_<std::allocator<void> > >&; __gnu_cxx::_Lock_policy _Lp = __gnu_cxx::_S_atomic][m[K’
[11.534s] [01m[K/opt/ros/foxy/include/rclcpp/message_memory_strategy.hpp:109:5:[m[K   required from ‘[01m[Kvoid rclcpp::message_memory_strategy::MessageMemoryStrategy<MessageT, Alloc>::return_message(std::shared_ptr<_Tp>&) [with MessageT = const std::shared_ptr<const geometry_msgs::msg::PoseStamped_<std::allocator<void> > >&; Alloc = std::allocator<void>][m[K’
[11.534s] [01m[K/opt/ros/foxy/include/rclcpp/message_memory_strategy.hpp:107:16:[m[K   required from here
[11.534s] [01m[K/usr/include/c++/9/bits/shared_ptr_base.h:1326:12:[m[K [01;31m[Kerror: [m[Kusing invalid field ‘[01m[Kstd::__shared_ptr<_Tp, _Lp>::_M_ptr[m[K’
[11.534s]  1326 |  std::swap([01;31m[K_M_ptr[m[K, __other._M_ptr);
[11.534s]       |            [01;31m[K^~~~~~[m[K
[11.535s] [01m[K/usr/include/c++/9/bits/shared_ptr_base.h:1326:28:[m[K [01;31m[Kerror: [m[K‘[01m[Kclass std::__shared_ptr<const std::shared_ptr<const geometry_msgs::msg::PoseStamped_<std::allocator<void> > >&, __gnu_cxx::_S_atomic>[m[K’ has no member named ‘[01m[K_M_ptr[m[K’
[11.535s]  1326 |  std::swap(_M_ptr, [01;31m[K__other._M_ptr[m[K);
[11.535s]       |                    [01;31m[K~~~~~~~~^~~~~~[m[K
[11.647s] In file included from [01m[K/usr/include/c++/9/functional:59[m[K,
[11.647s]                  from [01m[K/opt/ros/foxy/include/rclcpp/clock.hpp:18[m[K,
[11.647s]                  from [01m[K/opt/ros/foxy/include/control_toolbox/pid.hpp:40[m[K,
[11.647s]                  from [01m[K/home/abishalini/ws_ros2/src/moveit2/moveit_ros/moveit_servo/include/moveit_servo/pose_tracking.h:42[m[K,
[11.647s]                  from [01m[K/home/abishalini/ws_ros2/src/moveit2/moveit_ros/moveit_servo/src/pose_tracking.cpp:35[m[K:
[11.648s] [01m[K/usr/include/c++/9/bits/std_function.h:667:7:[m[K [01;31m[Kerror: [m[K‘[01m[Kstd::function<_Res(_ArgTypes ...)>::function(_Functor) [with _Functor = rclcpp::create_subscription_factory(CallbackT&&, const rclcpp::SubscriptionOptionsWithAllocator<AllocatorT>&, typename MessageMemoryStrategyT::SharedPtr, std::shared_ptr<rclcpp::topic_statistics::SubscriptionTopicStatistics<CallbackMessageT> >) [with MessageT = geometry_msgs::msg::PoseStamped_<std::allocator<void> >; CallbackT = std::_Bind<void (moveit_servo::PoseTracking::*(moveit_servo::PoseTracking*, std::_Placeholder<1>))(const std::shared_ptr<const geometry_msgs::msg::PoseStamped_<std::allocator<void> > >&)>; AllocatorT = std::allocator<void>; CallbackMessageT = const std::shared_ptr<const geometry_msgs::msg::PoseStamped_<std::allocator<void> > >&; SubscriptionT = rclcpp::Subscription<const std::shared_ptr<const geometry_msgs::msg::PoseStamped_<std::allocator<void> > >&, std::allocator<void>, rclcpp::message_memory_strategy::MessageMemoryStrategy<const std::shared_ptr<const geometry_msgs::msg::PoseStamped_<std::allocator<void> > >&, std::allocator<void> > >; MessageMemoryStrategyT = rclcpp::message_memory_strategy::MessageMemoryStrategy<const std::shared_ptr<const geometry_msgs::msg::PoseStamped_<std::allocator<void> > >&, std::allocator<void> >; typename MessageMemoryStrategyT::SharedPtr = std::shared_ptr<rclcpp::message_memory_strategy::MessageMemoryStrategy<const std::shared_ptr<const geometry_msgs::msg::PoseStamped_<std::allocator<void> > >&, std::allocator<void> > >]::<lambda(rclcpp::node_interfaces::NodeBaseInterface*, const string&, const rclcpp::QoS&)>; <template-parameter-2-2> = void; <template-parameter-2-3> = void; _Res = std::shared_ptr<rclcpp::SubscriptionBase>; _ArgTypes = {rclcpp::node_interfaces::NodeBaseInterface*, const std::__cxx11::basic_string<char, std::char_traits<char>, std::allocator<char> >&, const rclcpp::QoS&}][m[K’, declared using local type ‘[01m[Krclcpp::create_subscription_factory(CallbackT&&, const rclcpp::SubscriptionOptionsWithAllocator<AllocatorT>&, typename MessageMemoryStrategyT::SharedPtr, std::shared_ptr<rclcpp::topic_statistics::SubscriptionTopicStatistics<CallbackMessageT> >) [with MessageT = geometry_msgs::msg::PoseStamped_<std::allocator<void> >; CallbackT = std::_Bind<void (moveit_servo::PoseTracking::*(moveit_servo::PoseTracking*, std::_Placeholder<1>))(const std::shared_ptr<const geometry_msgs::msg::PoseStamped_<std::allocator<void> > >&)>; AllocatorT = std::allocator<void>; CallbackMessageT = const std::shared_ptr<const geometry_msgs::msg::PoseStamped_<std::allocator<void> > >&; SubscriptionT = rclcpp::Subscription<const std::shared_ptr<const geometry_msgs::msg::PoseStamped_<std::allocator<void> > >&, std::allocator<void>, rclcpp::message_memory_strategy::MessageMemoryStrategy<const std::shared_ptr<const geometry_msgs::msg::PoseStamped_<std::allocator<void> > >&, std::allocator<void> > >; MessageMemoryStrategyT = rclcpp::message_memory_strategy::MessageMemoryStrategy<const std::shared_ptr<const geometry_msgs::msg::PoseStamped_<std::allocator<void> > >&, std::allocator<void> >; typename MessageMemoryStrategyT::SharedPtr = std::shared_ptr<rclcpp::message_memory_strategy::MessageMemoryStrategy<const std::shared_ptr<const geometry_msgs::msg::PoseStamped_<std::allocator<void> > >&, std::allocator<void> > >]::<lambda(rclcpp::node_interfaces::NodeBaseInterface*, const string&, const rclcpp::QoS&)>[m[K’, is used but never defined [[01;31m[K-fpermissive[m[K]
[11.648s]   667 |       [01;31m[Kfunction<_Res(_ArgTypes...)>[m[K::
[11.648s]       |       [01;31m[K^~~~~~~~~~~~~~~~~~~~~~~~~~~~[m[K
[12.160s] make[2]: *** [CMakeFiles/pose_tracking.dir/build.make:63: CMakeFiles/pose_tracking.dir/src/pose_tracking.cpp.o] Error 1
[12.160s] make[1]: *** [CMakeFiles/Makefile2:452: CMakeFiles/pose_tracking.dir/all] Error 2
[12.161s] make: *** [Makefile:141: all] Error 2
[12.163s] Invoked command in '/home/abishalini/ws_ros2/src/moveit2/build/moveit_servo' returned '2': CMAKE_PREFIX_PATH=${CMAKE_PREFIX_PATH}:/opt/ros/foxy PS1=\u@\h \[\e[1;34m\]\w \[\e[32m\]$(git_branch)\[\e[00m\]$ /usr/bin/cmake --build /home/abishalini/ws_ros2/src/moveit2/build/moveit_servo -- -j8 -l8
