[0.128s] DEBUG:colcon:Command line arguments: ['/usr/bin/colcon', 'build', '--packages-select', 'moveit_servo']
[0.128s] DEBUG:colcon:Parsed command line arguments: Namespace(ament_cmake_args=None, base_paths=['.'], build_base='build', catkin_cmake_args=None, catkin_skip_building_tests=False, cmake_args=None, cmake_clean_cache=False, cmake_clean_first=False, cmake_force_configure=False, cmake_target=None, cmake_target_skip_unavailable=False, continue_on_error=False, event_handlers=None, executor='parallel', ignore_user_meta=False, install_base='install', log_base=None, log_level=None, main=<bound method BuildVerb.main of <colcon_core.verb.build.BuildVerb object at 0x7f267c2e91c0>>, merge_install=False, metas=['./colcon.meta'], packages_above=None, packages_above_and_dependencies=None, packages_above_depth=None, packages_end=None, packages_ignore=None, packages_ignore_regex=None, packages_select=['moveit_servo'], packages_select_build_failed=False, packages_select_by_dep=None, packages_select_regex=None, packages_select_test_failures=False, packages_skip=None, packages_skip_build_finished=False, packages_skip_by_dep=None, packages_skip_regex=None, packages_skip_test_passed=False, packages_skip_up_to=None, packages_start=None, packages_up_to=None, packages_up_to_regex=None, parallel_workers=8, paths=None, symlink_install=False, test_result_base=None, verb_extension=<colcon_core.verb.build.BuildVerb object at 0x7f267c2e91c0>, verb_name='build', verb_parser=<colcon_defaults.argument_parser.defaults.DefaultArgumentsDecorator object at 0x7f267c2e9700>)
[0.136s] Level 1:colcon.colcon_core.package_discovery:discover_packages(colcon_meta) check parameters
[0.136s] Level 1:colcon.colcon_core.package_discovery:discover_packages(recursive) check parameters
[0.136s] Level 1:colcon.colcon_core.package_discovery:discover_packages(ignore) check parameters
[0.136s] Level 1:colcon.colcon_core.package_discovery:discover_packages(path) check parameters
[0.136s] Level 1:colcon.colcon_core.package_discovery:discover_packages(colcon_meta) discover
[0.136s] Level 1:colcon.colcon_core.package_discovery:discover_packages(recursive) discover
[0.136s] INFO:colcon.colcon_core.package_discovery:Crawling recursively for packages in '/home/abishalini/ws_ros2/src/moveit2'
[0.136s] Level 1:colcon.colcon_core.package_identification:_identify(.) by extensions ['ignore', 'ignore_ament_install']
[0.136s] Level 1:colcon.colcon_core.package_identification:_identify(.) by extension 'ignore'
[0.136s] Level 1:colcon.colcon_core.package_identification:_identify(.) by extension 'ignore_ament_install'
[0.137s] Level 1:colcon.colcon_core.package_identification:_identify(.) by extensions ['colcon_pkg']
[0.137s] Level 1:colcon.colcon_core.package_identification:_identify(.) by extension 'colcon_pkg'
[0.137s] Level 1:colcon.colcon_core.package_identification:_identify(.) by extensions ['colcon_meta']
[0.137s] Level 1:colcon.colcon_core.package_identification:_identify(.) by extension 'colcon_meta'
[0.137s] Level 1:colcon.colcon_core.package_identification:_identify(.) by extensions ['ros']
[0.137s] Level 1:colcon.colcon_core.package_identification:_identify(.) by extension 'ros'
[0.147s] Level 1:colcon.colcon_core.package_identification:_identify(.) by extensions ['cmake', 'python']
[0.147s] Level 1:colcon.colcon_core.package_identification:_identify(.) by extension 'cmake'
[0.147s] Level 1:colcon.colcon_core.package_identification:_identify(.) by extension 'python'
[0.147s] Level 1:colcon.colcon_core.package_identification:_identify(.) by extensions ['python_setup_py']
[0.147s] Level 1:colcon.colcon_core.package_identification:_identify(.) by extension 'python_setup_py'
[0.147s] Level 1:colcon.colcon_core.package_identification:_identify(build) by extensions ['ignore', 'ignore_ament_install']
[0.147s] Level 1:colcon.colcon_core.package_identification:_identify(build) by extension 'ignore'
[0.147s] Level 1:colcon.colcon_core.package_identification:_identify(build) ignored
[0.148s] Level 1:colcon.colcon_core.package_identification:_identify(doc) by extensions ['ignore', 'ignore_ament_install']
[0.148s] Level 1:colcon.colcon_core.package_identification:_identify(doc) by extension 'ignore'
[0.148s] Level 1:colcon.colcon_core.package_identification:_identify(doc) by extension 'ignore_ament_install'
[0.148s] Level 1:colcon.colcon_core.package_identification:_identify(doc) by extensions ['colcon_pkg']
[0.148s] Level 1:colcon.colcon_core.package_identification:_identify(doc) by extension 'colcon_pkg'
[0.148s] Level 1:colcon.colcon_core.package_identification:_identify(doc) by extensions ['colcon_meta']
[0.148s] Level 1:colcon.colcon_core.package_identification:_identify(doc) by extension 'colcon_meta'
[0.148s] Level 1:colcon.colcon_core.package_identification:_identify(doc) by extensions ['ros']
[0.148s] Level 1:colcon.colcon_core.package_identification:_identify(doc) by extension 'ros'
[0.148s] Level 1:colcon.colcon_core.package_identification:_identify(doc) by extensions ['cmake', 'python']
[0.148s] Level 1:colcon.colcon_core.package_identification:_identify(doc) by extension 'cmake'
[0.148s] Level 1:colcon.colcon_core.package_identification:_identify(doc) by extension 'python'
[0.149s] Level 1:colcon.colcon_core.package_identification:_identify(doc) by extensions ['python_setup_py']
[0.149s] Level 1:colcon.colcon_core.package_identification:_identify(doc) by extension 'python_setup_py'
[0.149s] Level 1:colcon.colcon_core.package_identification:_identify(install) by extensions ['ignore', 'ignore_ament_install']
[0.149s] Level 1:colcon.colcon_core.package_identification:_identify(install) by extension 'ignore'
[0.149s] Level 1:colcon.colcon_core.package_identification:_identify(install) ignored
[0.149s] Level 1:colcon.colcon_core.package_identification:_identify(log) by extensions ['ignore', 'ignore_ament_install']
[0.149s] Level 1:colcon.colcon_core.package_identification:_identify(log) by extension 'ignore'
[0.149s] Level 1:colcon.colcon_core.package_identification:_identify(log) ignored
[0.149s] Level 1:colcon.colcon_core.package_identification:_identify(moveit) by extensions ['ignore', 'ignore_ament_install']
[0.150s] Level 1:colcon.colcon_core.package_identification:_identify(moveit) by extension 'ignore'
[0.150s] Level 1:colcon.colcon_core.package_identification:_identify(moveit) ignored
[0.150s] Level 1:colcon.colcon_core.package_identification:_identify(moveit_commander) by extensions ['ignore', 'ignore_ament_install']
[0.150s] Level 1:colcon.colcon_core.package_identification:_identify(moveit_commander) by extension 'ignore'
[0.150s] Level 1:colcon.colcon_core.package_identification:_identify(moveit_commander) ignored
[0.150s] Level 1:colcon.colcon_core.package_identification:_identify(moveit_common) by extensions ['ignore', 'ignore_ament_install']
[0.150s] Level 1:colcon.colcon_core.package_identification:_identify(moveit_common) by extension 'ignore'
[0.150s] Level 1:colcon.colcon_core.package_identification:_identify(moveit_common) by extension 'ignore_ament_install'
[0.150s] Level 1:colcon.colcon_core.package_identification:_identify(moveit_common) by extensions ['colcon_pkg']
[0.150s] Level 1:colcon.colcon_core.package_identification:_identify(moveit_common) by extension 'colcon_pkg'
[0.150s] Level 1:colcon.colcon_core.package_identification:_identify(moveit_common) by extensions ['colcon_meta']
[0.150s] Level 1:colcon.colcon_core.package_identification:_identify(moveit_common) by extension 'colcon_meta'
[0.151s] Level 1:colcon.colcon_core.package_identification:_identify(moveit_common) by extensions ['ros']
[0.151s] Level 1:colcon.colcon_core.package_identification:_identify(moveit_common) by extension 'ros'
[0.153s] DEBUG:colcon.colcon_core.package_identification:Package 'moveit_common' with type 'ros.ament_cmake' and name 'moveit_common'
[0.153s] Level 1:colcon.colcon_core.package_identification:_identify(moveit_core) by extensions ['ignore', 'ignore_ament_install']
[0.154s] Level 1:colcon.colcon_core.package_identification:_identify(moveit_core) by extension 'ignore'
[0.154s] Level 1:colcon.colcon_core.package_identification:_identify(moveit_core) by extension 'ignore_ament_install'
[0.154s] Level 1:colcon.colcon_core.package_identification:_identify(moveit_core) by extensions ['colcon_pkg']
[0.154s] Level 1:colcon.colcon_core.package_identification:_identify(moveit_core) by extension 'colcon_pkg'
[0.154s] Level 1:colcon.colcon_core.package_identification:_identify(moveit_core) by extensions ['colcon_meta']
[0.154s] Level 1:colcon.colcon_core.package_identification:_identify(moveit_core) by extension 'colcon_meta'
[0.154s] Level 1:colcon.colcon_core.package_identification:_identify(moveit_core) by extensions ['ros']
[0.154s] Level 1:colcon.colcon_core.package_identification:_identify(moveit_core) by extension 'ros'
[0.157s] DEBUG:colcon.colcon_core.package_identification:Package 'moveit_core' with type 'ros.ament_cmake' and name 'moveit_core'
[0.157s] Level 1:colcon.colcon_core.package_identification:_identify(moveit_demo_nodes) by extensions ['ignore', 'ignore_ament_install']
[0.158s] Level 1:colcon.colcon_core.package_identification:_identify(moveit_demo_nodes) by extension 'ignore'
[0.158s] Level 1:colcon.colcon_core.package_identification:_identify(moveit_demo_nodes) by extension 'ignore_ament_install'
[0.158s] Level 1:colcon.colcon_core.package_identification:_identify(moveit_demo_nodes) by extensions ['colcon_pkg']
[0.158s] Level 1:colcon.colcon_core.package_identification:_identify(moveit_demo_nodes) by extension 'colcon_pkg'
[0.158s] Level 1:colcon.colcon_core.package_identification:_identify(moveit_demo_nodes) by extensions ['colcon_meta']
[0.158s] Level 1:colcon.colcon_core.package_identification:_identify(moveit_demo_nodes) by extension 'colcon_meta'
[0.158s] Level 1:colcon.colcon_core.package_identification:_identify(moveit_demo_nodes) by extensions ['ros']
[0.158s] Level 1:colcon.colcon_core.package_identification:_identify(moveit_demo_nodes) by extension 'ros'
[0.158s] Level 1:colcon.colcon_core.package_identification:_identify(moveit_demo_nodes) by extensions ['cmake', 'python']
[0.158s] Level 1:colcon.colcon_core.package_identification:_identify(moveit_demo_nodes) by extension 'cmake'
[0.158s] Level 1:colcon.colcon_core.package_identification:_identify(moveit_demo_nodes) by extension 'python'
[0.158s] Level 1:colcon.colcon_core.package_identification:_identify(moveit_demo_nodes) by extensions ['python_setup_py']
[0.158s] Level 1:colcon.colcon_core.package_identification:_identify(moveit_demo_nodes) by extension 'python_setup_py'
[0.159s] Level 1:colcon.colcon_core.package_identification:_identify(moveit_demo_nodes/run_move_group) by extensions ['ignore', 'ignore_ament_install']
[0.159s] Level 1:colcon.colcon_core.package_identification:_identify(moveit_demo_nodes/run_move_group) by extension 'ignore'
[0.159s] Level 1:colcon.colcon_core.package_identification:_identify(moveit_demo_nodes/run_move_group) by extension 'ignore_ament_install'
[0.159s] Level 1:colcon.colcon_core.package_identification:_identify(moveit_demo_nodes/run_move_group) by extensions ['colcon_pkg']
[0.159s] Level 1:colcon.colcon_core.package_identification:_identify(moveit_demo_nodes/run_move_group) by extension 'colcon_pkg'
[0.159s] Level 1:colcon.colcon_core.package_identification:_identify(moveit_demo_nodes/run_move_group) by extensions ['colcon_meta']
[0.159s] Level 1:colcon.colcon_core.package_identification:_identify(moveit_demo_nodes/run_move_group) by extension 'colcon_meta'
[0.159s] Level 1:colcon.colcon_core.package_identification:_identify(moveit_demo_nodes/run_move_group) by extensions ['ros']
[0.159s] Level 1:colcon.colcon_core.package_identification:_identify(moveit_demo_nodes/run_move_group) by extension 'ros'
[0.160s] DEBUG:colcon.colcon_core.package_identification:Package 'moveit_demo_nodes/run_move_group' with type 'ros.ament_cmake' and name 'run_move_group'
[0.160s] Level 1:colcon.colcon_core.package_identification:_identify(moveit_demo_nodes/run_moveit_cpp) by extensions ['ignore', 'ignore_ament_install']
[0.160s] Level 1:colcon.colcon_core.package_identification:_identify(moveit_demo_nodes/run_moveit_cpp) by extension 'ignore'
[0.160s] Level 1:colcon.colcon_core.package_identification:_identify(moveit_demo_nodes/run_moveit_cpp) by extension 'ignore_ament_install'
[0.160s] Level 1:colcon.colcon_core.package_identification:_identify(moveit_demo_nodes/run_moveit_cpp) by extensions ['colcon_pkg']
[0.160s] Level 1:colcon.colcon_core.package_identification:_identify(moveit_demo_nodes/run_moveit_cpp) by extension 'colcon_pkg'
[0.160s] Level 1:colcon.colcon_core.package_identification:_identify(moveit_demo_nodes/run_moveit_cpp) by extensions ['colcon_meta']
[0.160s] Level 1:colcon.colcon_core.package_identification:_identify(moveit_demo_nodes/run_moveit_cpp) by extension 'colcon_meta'
[0.161s] Level 1:colcon.colcon_core.package_identification:_identify(moveit_demo_nodes/run_moveit_cpp) by extensions ['ros']
[0.161s] Level 1:colcon.colcon_core.package_identification:_identify(moveit_demo_nodes/run_moveit_cpp) by extension 'ros'
[0.161s] DEBUG:colcon.colcon_core.package_identification:Package 'moveit_demo_nodes/run_moveit_cpp' with type 'ros.ament_cmake' and name 'run_moveit_cpp'
[0.161s] Level 1:colcon.colcon_core.package_identification:_identify(moveit_experimental) by extensions ['ignore', 'ignore_ament_install']
[0.161s] Level 1:colcon.colcon_core.package_identification:_identify(moveit_experimental) by extension 'ignore'
[0.162s] Level 1:colcon.colcon_core.package_identification:_identify(moveit_experimental) ignored
[0.162s] Level 1:colcon.colcon_core.package_identification:_identify(moveit_kinematics) by extensions ['ignore', 'ignore_ament_install']
[0.162s] Level 1:colcon.colcon_core.package_identification:_identify(moveit_kinematics) by extension 'ignore'
[0.162s] Level 1:colcon.colcon_core.package_identification:_identify(moveit_kinematics) by extension 'ignore_ament_install'
[0.162s] Level 1:colcon.colcon_core.package_identification:_identify(moveit_kinematics) by extensions ['colcon_pkg']
[0.162s] Level 1:colcon.colcon_core.package_identification:_identify(moveit_kinematics) by extension 'colcon_pkg'
[0.162s] Level 1:colcon.colcon_core.package_identification:_identify(moveit_kinematics) by extensions ['colcon_meta']
[0.162s] Level 1:colcon.colcon_core.package_identification:_identify(moveit_kinematics) by extension 'colcon_meta'
[0.162s] Level 1:colcon.colcon_core.package_identification:_identify(moveit_kinematics) by extensions ['ros']
[0.162s] Level 1:colcon.colcon_core.package_identification:_identify(moveit_kinematics) by extension 'ros'
[0.164s] DEBUG:colcon.colcon_core.package_identification:Package 'moveit_kinematics' with type 'ros.ament_cmake' and name 'moveit_kinematics'
[0.164s] Level 1:colcon.colcon_core.package_identification:_identify(moveit_planners) by extensions ['ignore', 'ignore_ament_install']
[0.164s] Level 1:colcon.colcon_core.package_identification:_identify(moveit_planners) by extension 'ignore'
[0.164s] Level 1:colcon.colcon_core.package_identification:_identify(moveit_planners) by extension 'ignore_ament_install'
[0.164s] Level 1:colcon.colcon_core.package_identification:_identify(moveit_planners) by extensions ['colcon_pkg']
[0.164s] Level 1:colcon.colcon_core.package_identification:_identify(moveit_planners) by extension 'colcon_pkg'
[0.164s] Level 1:colcon.colcon_core.package_identification:_identify(moveit_planners) by extensions ['colcon_meta']
[0.164s] Level 1:colcon.colcon_core.package_identification:_identify(moveit_planners) by extension 'colcon_meta'
[0.164s] Level 1:colcon.colcon_core.package_identification:_identify(moveit_planners) by extensions ['ros']
[0.164s] Level 1:colcon.colcon_core.package_identification:_identify(moveit_planners) by extension 'ros'
[0.165s] Level 1:colcon.colcon_core.package_identification:_identify(moveit_planners) by extensions ['cmake', 'python']
[0.165s] Level 1:colcon.colcon_core.package_identification:_identify(moveit_planners) by extension 'cmake'
[0.165s] Level 1:colcon.colcon_core.package_identification:_identify(moveit_planners) by extension 'python'
[0.165s] Level 1:colcon.colcon_core.package_identification:_identify(moveit_planners) by extensions ['python_setup_py']
[0.165s] Level 1:colcon.colcon_core.package_identification:_identify(moveit_planners) by extension 'python_setup_py'
[0.165s] Level 1:colcon.colcon_core.package_identification:_identify(moveit_planners/chomp) by extensions ['ignore', 'ignore_ament_install']
[0.165s] Level 1:colcon.colcon_core.package_identification:_identify(moveit_planners/chomp) by extension 'ignore'
[0.165s] Level 1:colcon.colcon_core.package_identification:_identify(moveit_planners/chomp) ignored
[0.165s] Level 1:colcon.colcon_core.package_identification:_identify(moveit_planners/moveit_planners) by extensions ['ignore', 'ignore_ament_install']
[0.165s] Level 1:colcon.colcon_core.package_identification:_identify(moveit_planners/moveit_planners) by extension 'ignore'
[0.165s] Level 1:colcon.colcon_core.package_identification:_identify(moveit_planners/moveit_planners) ignored
[0.166s] Level 1:colcon.colcon_core.package_identification:_identify(moveit_planners/ompl) by extensions ['ignore', 'ignore_ament_install']
[0.166s] Level 1:colcon.colcon_core.package_identification:_identify(moveit_planners/ompl) by extension 'ignore'
[0.166s] Level 1:colcon.colcon_core.package_identification:_identify(moveit_planners/ompl) by extension 'ignore_ament_install'
[0.166s] Level 1:colcon.colcon_core.package_identification:_identify(moveit_planners/ompl) by extensions ['colcon_pkg']
[0.166s] Level 1:colcon.colcon_core.package_identification:_identify(moveit_planners/ompl) by extension 'colcon_pkg'
[0.166s] Level 1:colcon.colcon_core.package_identification:_identify(moveit_planners/ompl) by extensions ['colcon_meta']
[0.166s] Level 1:colcon.colcon_core.package_identification:_identify(moveit_planners/ompl) by extension 'colcon_meta'
[0.166s] Level 1:colcon.colcon_core.package_identification:_identify(moveit_planners/ompl) by extensions ['ros']
[0.166s] Level 1:colcon.colcon_core.package_identification:_identify(moveit_planners/ompl) by extension 'ros'
[0.167s] DEBUG:colcon.colcon_core.package_identification:Package 'moveit_planners/ompl' with type 'ros.ament_cmake' and name 'moveit_planners_ompl'
[0.167s] Level 1:colcon.colcon_core.package_identification:_identify(moveit_planners/pilz_industrial_motion_planner) by extensions ['ignore', 'ignore_ament_install']
[0.167s] Level 1:colcon.colcon_core.package_identification:_identify(moveit_planners/pilz_industrial_motion_planner) by extension 'ignore'
[0.168s] Level 1:colcon.colcon_core.package_identification:_identify(moveit_planners/pilz_industrial_motion_planner) ignored
[0.168s] Level 1:colcon.colcon_core.package_identification:_identify(moveit_planners/pilz_industrial_motion_planner_testutils) by extensions ['ignore', 'ignore_ament_install']
[0.168s] Level 1:colcon.colcon_core.package_identification:_identify(moveit_planners/pilz_industrial_motion_planner_testutils) by extension 'ignore'
[0.168s] Level 1:colcon.colcon_core.package_identification:_identify(moveit_planners/pilz_industrial_motion_planner_testutils) ignored
[0.168s] Level 1:colcon.colcon_core.package_identification:_identify(moveit_planners/sbpl) by extensions ['ignore', 'ignore_ament_install']
[0.168s] Level 1:colcon.colcon_core.package_identification:_identify(moveit_planners/sbpl) by extension 'ignore'
[0.168s] Level 1:colcon.colcon_core.package_identification:_identify(moveit_planners/sbpl) ignored
[0.168s] Level 1:colcon.colcon_core.package_identification:_identify(moveit_planners/trajopt) by extensions ['ignore', 'ignore_ament_install']
[0.168s] Level 1:colcon.colcon_core.package_identification:_identify(moveit_planners/trajopt) by extension 'ignore'
[0.169s] Level 1:colcon.colcon_core.package_identification:_identify(moveit_planners/trajopt) ignored
[0.169s] Level 1:colcon.colcon_core.package_identification:_identify(moveit_plugins) by extensions ['ignore', 'ignore_ament_install']
[0.169s] Level 1:colcon.colcon_core.package_identification:_identify(moveit_plugins) by extension 'ignore'
[0.169s] Level 1:colcon.colcon_core.package_identification:_identify(moveit_plugins) by extension 'ignore_ament_install'
[0.169s] Level 1:colcon.colcon_core.package_identification:_identify(moveit_plugins) by extensions ['colcon_pkg']
[0.169s] Level 1:colcon.colcon_core.package_identification:_identify(moveit_plugins) by extension 'colcon_pkg'
[0.169s] Level 1:colcon.colcon_core.package_identification:_identify(moveit_plugins) by extensions ['colcon_meta']
[0.169s] Level 1:colcon.colcon_core.package_identification:_identify(moveit_plugins) by extension 'colcon_meta'
[0.169s] Level 1:colcon.colcon_core.package_identification:_identify(moveit_plugins) by extensions ['ros']
[0.169s] Level 1:colcon.colcon_core.package_identification:_identify(moveit_plugins) by extension 'ros'
[0.169s] Level 1:colcon.colcon_core.package_identification:_identify(moveit_plugins) by extensions ['cmake', 'python']
[0.169s] Level 1:colcon.colcon_core.package_identification:_identify(moveit_plugins) by extension 'cmake'
[0.169s] Level 1:colcon.colcon_core.package_identification:_identify(moveit_plugins) by extension 'python'
[0.170s] Level 1:colcon.colcon_core.package_identification:_identify(moveit_plugins) by extensions ['python_setup_py']
[0.170s] Level 1:colcon.colcon_core.package_identification:_identify(moveit_plugins) by extension 'python_setup_py'
[0.170s] Level 1:colcon.colcon_core.package_identification:_identify(moveit_plugins/moveit_controller_manager_example) by extensions ['ignore', 'ignore_ament_install']
[0.170s] Level 1:colcon.colcon_core.package_identification:_identify(moveit_plugins/moveit_controller_manager_example) by extension 'ignore'
[0.170s] Level 1:colcon.colcon_core.package_identification:_identify(moveit_plugins/moveit_controller_manager_example) ignored
[0.170s] Level 1:colcon.colcon_core.package_identification:_identify(moveit_plugins/moveit_fake_controller_manager) by extensions ['ignore', 'ignore_ament_install']
[0.170s] Level 1:colcon.colcon_core.package_identification:_identify(moveit_plugins/moveit_fake_controller_manager) by extension 'ignore'
[0.170s] Level 1:colcon.colcon_core.package_identification:_identify(moveit_plugins/moveit_fake_controller_manager) by extension 'ignore_ament_install'
[0.170s] Level 1:colcon.colcon_core.package_identification:_identify(moveit_plugins/moveit_fake_controller_manager) by extensions ['colcon_pkg']
[0.170s] Level 1:colcon.colcon_core.package_identification:_identify(moveit_plugins/moveit_fake_controller_manager) by extension 'colcon_pkg'
[0.170s] Level 1:colcon.colcon_core.package_identification:_identify(moveit_plugins/moveit_fake_controller_manager) by extensions ['colcon_meta']
[0.170s] Level 1:colcon.colcon_core.package_identification:_identify(moveit_plugins/moveit_fake_controller_manager) by extension 'colcon_meta'
[0.171s] Level 1:colcon.colcon_core.package_identification:_identify(moveit_plugins/moveit_fake_controller_manager) by extensions ['ros']
[0.171s] Level 1:colcon.colcon_core.package_identification:_identify(moveit_plugins/moveit_fake_controller_manager) by extension 'ros'
[0.172s] DEBUG:colcon.colcon_core.package_identification:Package 'moveit_plugins/moveit_fake_controller_manager' with type 'ros.ament_cmake' and name 'moveit_fake_controller_manager'
[0.172s] Level 1:colcon.colcon_core.package_identification:_identify(moveit_plugins/moveit_plugins) by extensions ['ignore', 'ignore_ament_install']
[0.172s] Level 1:colcon.colcon_core.package_identification:_identify(moveit_plugins/moveit_plugins) by extension 'ignore'
[0.172s] Level 1:colcon.colcon_core.package_identification:_identify(moveit_plugins/moveit_plugins) ignored
[0.172s] Level 1:colcon.colcon_core.package_identification:_identify(moveit_plugins/moveit_ros_control_interface) by extensions ['ignore', 'ignore_ament_install']
[0.172s] Level 1:colcon.colcon_core.package_identification:_identify(moveit_plugins/moveit_ros_control_interface) by extension 'ignore'
[0.172s] Level 1:colcon.colcon_core.package_identification:_identify(moveit_plugins/moveit_ros_control_interface) ignored
[0.173s] Level 1:colcon.colcon_core.package_identification:_identify(moveit_plugins/moveit_simple_controller_manager) by extensions ['ignore', 'ignore_ament_install']
[0.173s] Level 1:colcon.colcon_core.package_identification:_identify(moveit_plugins/moveit_simple_controller_manager) by extension 'ignore'
[0.173s] Level 1:colcon.colcon_core.package_identification:_identify(moveit_plugins/moveit_simple_controller_manager) by extension 'ignore_ament_install'
[0.173s] Level 1:colcon.colcon_core.package_identification:_identify(moveit_plugins/moveit_simple_controller_manager) by extensions ['colcon_pkg']
[0.173s] Level 1:colcon.colcon_core.package_identification:_identify(moveit_plugins/moveit_simple_controller_manager) by extension 'colcon_pkg'
[0.173s] Level 1:colcon.colcon_core.package_identification:_identify(moveit_plugins/moveit_simple_controller_manager) by extensions ['colcon_meta']
[0.173s] Level 1:colcon.colcon_core.package_identification:_identify(moveit_plugins/moveit_simple_controller_manager) by extension 'colcon_meta'
[0.173s] Level 1:colcon.colcon_core.package_identification:_identify(moveit_plugins/moveit_simple_controller_manager) by extensions ['ros']
[0.173s] Level 1:colcon.colcon_core.package_identification:_identify(moveit_plugins/moveit_simple_controller_manager) by extension 'ros'
[0.174s] DEBUG:colcon.colcon_core.package_identification:Package 'moveit_plugins/moveit_simple_controller_manager' with type 'ros.ament_cmake' and name 'moveit_simple_controller_manager'
[0.175s] Level 1:colcon.colcon_core.package_identification:_identify(moveit_ros) by extensions ['ignore', 'ignore_ament_install']
[0.175s] Level 1:colcon.colcon_core.package_identification:_identify(moveit_ros) by extension 'ignore'
[0.175s] Level 1:colcon.colcon_core.package_identification:_identify(moveit_ros) by extension 'ignore_ament_install'
[0.175s] Level 1:colcon.colcon_core.package_identification:_identify(moveit_ros) by extensions ['colcon_pkg']
[0.175s] Level 1:colcon.colcon_core.package_identification:_identify(moveit_ros) by extension 'colcon_pkg'
[0.175s] Level 1:colcon.colcon_core.package_identification:_identify(moveit_ros) by extensions ['colcon_meta']
[0.175s] Level 1:colcon.colcon_core.package_identification:_identify(moveit_ros) by extension 'colcon_meta'
[0.175s] Level 1:colcon.colcon_core.package_identification:_identify(moveit_ros) by extensions ['ros']
[0.175s] Level 1:colcon.colcon_core.package_identification:_identify(moveit_ros) by extension 'ros'
[0.175s] Level 1:colcon.colcon_core.package_identification:_identify(moveit_ros) by extensions ['cmake', 'python']
[0.175s] Level 1:colcon.colcon_core.package_identification:_identify(moveit_ros) by extension 'cmake'
[0.175s] Level 1:colcon.colcon_core.package_identification:_identify(moveit_ros) by extension 'python'
[0.175s] Level 1:colcon.colcon_core.package_identification:_identify(moveit_ros) by extensions ['python_setup_py']
[0.175s] Level 1:colcon.colcon_core.package_identification:_identify(moveit_ros) by extension 'python_setup_py'
[0.176s] Level 1:colcon.colcon_core.package_identification:_identify(moveit_ros/benchmarks) by extensions ['ignore', 'ignore_ament_install']
[0.176s] Level 1:colcon.colcon_core.package_identification:_identify(moveit_ros/benchmarks) by extension 'ignore'
[0.176s] Level 1:colcon.colcon_core.package_identification:_identify(moveit_ros/benchmarks) by extension 'ignore_ament_install'
[0.176s] Level 1:colcon.colcon_core.package_identification:_identify(moveit_ros/benchmarks) by extensions ['colcon_pkg']
[0.176s] Level 1:colcon.colcon_core.package_identification:_identify(moveit_ros/benchmarks) by extension 'colcon_pkg'
[0.176s] Level 1:colcon.colcon_core.package_identification:_identify(moveit_ros/benchmarks) by extensions ['colcon_meta']
[0.176s] Level 1:colcon.colcon_core.package_identification:_identify(moveit_ros/benchmarks) by extension 'colcon_meta'
[0.176s] Level 1:colcon.colcon_core.package_identification:_identify(moveit_ros/benchmarks) by extensions ['ros']
[0.176s] Level 1:colcon.colcon_core.package_identification:_identify(moveit_ros/benchmarks) by extension 'ros'
[0.177s] DEBUG:colcon.colcon_core.package_identification:Package 'moveit_ros/benchmarks' with type 'ros.ament_cmake' and name 'moveit_ros_benchmarks'
[0.178s] Level 1:colcon.colcon_core.package_identification:_identify(moveit_ros/manipulation) by extensions ['ignore', 'ignore_ament_install']
[0.178s] Level 1:colcon.colcon_core.package_identification:_identify(moveit_ros/manipulation) by extension 'ignore'
[0.178s] Level 1:colcon.colcon_core.package_identification:_identify(moveit_ros/manipulation) ignored
[0.178s] Level 1:colcon.colcon_core.package_identification:_identify(moveit_ros/move_group) by extensions ['ignore', 'ignore_ament_install']
[0.178s] Level 1:colcon.colcon_core.package_identification:_identify(moveit_ros/move_group) by extension 'ignore'
[0.178s] Level 1:colcon.colcon_core.package_identification:_identify(moveit_ros/move_group) by extension 'ignore_ament_install'
[0.178s] Level 1:colcon.colcon_core.package_identification:_identify(moveit_ros/move_group) by extensions ['colcon_pkg']
[0.179s] Level 1:colcon.colcon_core.package_identification:_identify(moveit_ros/move_group) by extension 'colcon_pkg'
[0.179s] Level 1:colcon.colcon_core.package_identification:_identify(moveit_ros/move_group) by extensions ['colcon_meta']
[0.179s] Level 1:colcon.colcon_core.package_identification:_identify(moveit_ros/move_group) by extension 'colcon_meta'
[0.179s] Level 1:colcon.colcon_core.package_identification:_identify(moveit_ros/move_group) by extensions ['ros']
[0.179s] Level 1:colcon.colcon_core.package_identification:_identify(moveit_ros/move_group) by extension 'ros'
[0.180s] DEBUG:colcon.colcon_core.package_identification:Package 'moveit_ros/move_group' with type 'ros.ament_cmake' and name 'moveit_ros_move_group'
[0.181s] Level 1:colcon.colcon_core.package_identification:_identify(moveit_ros/moveit_ros) by extensions ['ignore', 'ignore_ament_install']
[0.181s] Level 1:colcon.colcon_core.package_identification:_identify(moveit_ros/moveit_ros) by extension 'ignore'
[0.181s] Level 1:colcon.colcon_core.package_identification:_identify(moveit_ros/moveit_ros) ignored
[0.181s] Level 1:colcon.colcon_core.package_identification:_identify(moveit_ros/moveit_servo) by extensions ['ignore', 'ignore_ament_install']
[0.181s] Level 1:colcon.colcon_core.package_identification:_identify(moveit_ros/moveit_servo) by extension 'ignore'
[0.181s] Level 1:colcon.colcon_core.package_identification:_identify(moveit_ros/moveit_servo) by extension 'ignore_ament_install'
[0.181s] Level 1:colcon.colcon_core.package_identification:_identify(moveit_ros/moveit_servo) by extensions ['colcon_pkg']
[0.181s] Level 1:colcon.colcon_core.package_identification:_identify(moveit_ros/moveit_servo) by extension 'colcon_pkg'
[0.181s] Level 1:colcon.colcon_core.package_identification:_identify(moveit_ros/moveit_servo) by extensions ['colcon_meta']
[0.181s] Level 1:colcon.colcon_core.package_identification:_identify(moveit_ros/moveit_servo) by extension 'colcon_meta'
[0.181s] Level 1:colcon.colcon_core.package_identification:_identify(moveit_ros/moveit_servo) by extensions ['ros']
[0.181s] Level 1:colcon.colcon_core.package_identification:_identify(moveit_ros/moveit_servo) by extension 'ros'
[0.183s] DEBUG:colcon.colcon_core.package_identification:Package 'moveit_ros/moveit_servo' with type 'ros.ament_cmake' and name 'moveit_servo'
[0.183s] Level 1:colcon.colcon_core.package_identification:_identify(moveit_ros/occupancy_map_monitor) by extensions ['ignore', 'ignore_ament_install']
[0.183s] Level 1:colcon.colcon_core.package_identification:_identify(moveit_ros/occupancy_map_monitor) by extension 'ignore'
[0.183s] Level 1:colcon.colcon_core.package_identification:_identify(moveit_ros/occupancy_map_monitor) by extension 'ignore_ament_install'
[0.183s] Level 1:colcon.colcon_core.package_identification:_identify(moveit_ros/occupancy_map_monitor) by extensions ['colcon_pkg']
[0.183s] Level 1:colcon.colcon_core.package_identification:_identify(moveit_ros/occupancy_map_monitor) by extension 'colcon_pkg'
[0.183s] Level 1:colcon.colcon_core.package_identification:_identify(moveit_ros/occupancy_map_monitor) by extensions ['colcon_meta']
[0.183s] Level 1:colcon.colcon_core.package_identification:_identify(moveit_ros/occupancy_map_monitor) by extension 'colcon_meta'
[0.184s] Level 1:colcon.colcon_core.package_identification:_identify(moveit_ros/occupancy_map_monitor) by extensions ['ros']
[0.184s] Level 1:colcon.colcon_core.package_identification:_identify(moveit_ros/occupancy_map_monitor) by extension 'ros'
[0.185s] DEBUG:colcon.colcon_core.package_identification:Package 'moveit_ros/occupancy_map_monitor' with type 'ros.ament_cmake' and name 'moveit_ros_occupancy_map_monitor'
[0.185s] Level 1:colcon.colcon_core.package_identification:_identify(moveit_ros/perception) by extensions ['ignore', 'ignore_ament_install']
[0.185s] Level 1:colcon.colcon_core.package_identification:_identify(moveit_ros/perception) by extension 'ignore'
[0.185s] Level 1:colcon.colcon_core.package_identification:_identify(moveit_ros/perception) ignored
[0.185s] Level 1:colcon.colcon_core.package_identification:_identify(moveit_ros/planning) by extensions ['ignore', 'ignore_ament_install']
[0.185s] Level 1:colcon.colcon_core.package_identification:_identify(moveit_ros/planning) by extension 'ignore'
[0.185s] Level 1:colcon.colcon_core.package_identification:_identify(moveit_ros/planning) by extension 'ignore_ament_install'
[0.185s] Level 1:colcon.colcon_core.package_identification:_identify(moveit_ros/planning) by extensions ['colcon_pkg']
[0.185s] Level 1:colcon.colcon_core.package_identification:_identify(moveit_ros/planning) by extension 'colcon_pkg'
[0.186s] Level 1:colcon.colcon_core.package_identification:_identify(moveit_ros/planning) by extensions ['colcon_meta']
[0.186s] Level 1:colcon.colcon_core.package_identification:_identify(moveit_ros/planning) by extension 'colcon_meta'
[0.186s] Level 1:colcon.colcon_core.package_identification:_identify(moveit_ros/planning) by extensions ['ros']
[0.186s] Level 1:colcon.colcon_core.package_identification:_identify(moveit_ros/planning) by extension 'ros'
[0.187s] DEBUG:colcon.colcon_core.package_identification:Package 'moveit_ros/planning' with type 'ros.ament_cmake' and name 'moveit_ros_planning'
[0.188s] Level 1:colcon.colcon_core.package_identification:_identify(moveit_ros/planning_interface) by extensions ['ignore', 'ignore_ament_install']
[0.188s] Level 1:colcon.colcon_core.package_identification:_identify(moveit_ros/planning_interface) by extension 'ignore'
[0.188s] Level 1:colcon.colcon_core.package_identification:_identify(moveit_ros/planning_interface) by extension 'ignore_ament_install'
[0.188s] Level 1:colcon.colcon_core.package_identification:_identify(moveit_ros/planning_interface) by extensions ['colcon_pkg']
[0.188s] Level 1:colcon.colcon_core.package_identification:_identify(moveit_ros/planning_interface) by extension 'colcon_pkg'
[0.188s] Level 1:colcon.colcon_core.package_identification:_identify(moveit_ros/planning_interface) by extensions ['colcon_meta']
[0.188s] Level 1:colcon.colcon_core.package_identification:_identify(moveit_ros/planning_interface) by extension 'colcon_meta'
[0.188s] Level 1:colcon.colcon_core.package_identification:_identify(moveit_ros/planning_interface) by extensions ['ros']
[0.188s] Level 1:colcon.colcon_core.package_identification:_identify(moveit_ros/planning_interface) by extension 'ros'
[0.190s] DEBUG:colcon.colcon_core.package_identification:Package 'moveit_ros/planning_interface' with type 'ros.ament_cmake' and name 'moveit_ros_planning_interface'
[0.190s] Level 1:colcon.colcon_core.package_identification:_identify(moveit_ros/robot_interaction) by extensions ['ignore', 'ignore_ament_install']
[0.190s] Level 1:colcon.colcon_core.package_identification:_identify(moveit_ros/robot_interaction) by extension 'ignore'
[0.190s] Level 1:colcon.colcon_core.package_identification:_identify(moveit_ros/robot_interaction) by extension 'ignore_ament_install'
[0.190s] Level 1:colcon.colcon_core.package_identification:_identify(moveit_ros/robot_interaction) by extensions ['colcon_pkg']
[0.190s] Level 1:colcon.colcon_core.package_identification:_identify(moveit_ros/robot_interaction) by extension 'colcon_pkg'
[0.190s] Level 1:colcon.colcon_core.package_identification:_identify(moveit_ros/robot_interaction) by extensions ['colcon_meta']
[0.190s] Level 1:colcon.colcon_core.package_identification:_identify(moveit_ros/robot_interaction) by extension 'colcon_meta'
[0.190s] Level 1:colcon.colcon_core.package_identification:_identify(moveit_ros/robot_interaction) by extensions ['ros']
[0.190s] Level 1:colcon.colcon_core.package_identification:_identify(moveit_ros/robot_interaction) by extension 'ros'
[0.192s] DEBUG:colcon.colcon_core.package_identification:Package 'moveit_ros/robot_interaction' with type 'ros.ament_cmake' and name 'moveit_ros_robot_interaction'
[0.192s] Level 1:colcon.colcon_core.package_identification:_identify(moveit_ros/visualization) by extensions ['ignore', 'ignore_ament_install']
[0.192s] Level 1:colcon.colcon_core.package_identification:_identify(moveit_ros/visualization) by extension 'ignore'
[0.192s] Level 1:colcon.colcon_core.package_identification:_identify(moveit_ros/visualization) by extension 'ignore_ament_install'
[0.192s] Level 1:colcon.colcon_core.package_identification:_identify(moveit_ros/visualization) by extensions ['colcon_pkg']
[0.192s] Level 1:colcon.colcon_core.package_identification:_identify(moveit_ros/visualization) by extension 'colcon_pkg'
[0.192s] Level 1:colcon.colcon_core.package_identification:_identify(moveit_ros/visualization) by extensions ['colcon_meta']
[0.192s] Level 1:colcon.colcon_core.package_identification:_identify(moveit_ros/visualization) by extension 'colcon_meta'
[0.192s] Level 1:colcon.colcon_core.package_identification:_identify(moveit_ros/visualization) by extensions ['ros']
[0.192s] Level 1:colcon.colcon_core.package_identification:_identify(moveit_ros/visualization) by extension 'ros'
[0.194s] DEBUG:colcon.colcon_core.package_identification:Package 'moveit_ros/visualization' with type 'ros.ament_cmake' and name 'moveit_ros_visualization'
[0.194s] Level 1:colcon.colcon_core.package_identification:_identify(moveit_ros/warehouse) by extensions ['ignore', 'ignore_ament_install']
[0.194s] Level 1:colcon.colcon_core.package_identification:_identify(moveit_ros/warehouse) by extension 'ignore'
[0.194s] Level 1:colcon.colcon_core.package_identification:_identify(moveit_ros/warehouse) by extension 'ignore_ament_install'
[0.194s] Level 1:colcon.colcon_core.package_identification:_identify(moveit_ros/warehouse) by extensions ['colcon_pkg']
[0.194s] Level 1:colcon.colcon_core.package_identification:_identify(moveit_ros/warehouse) by extension 'colcon_pkg'
[0.194s] Level 1:colcon.colcon_core.package_identification:_identify(moveit_ros/warehouse) by extensions ['colcon_meta']
[0.194s] Level 1:colcon.colcon_core.package_identification:_identify(moveit_ros/warehouse) by extension 'colcon_meta'
[0.194s] Level 1:colcon.colcon_core.package_identification:_identify(moveit_ros/warehouse) by extensions ['ros']
[0.195s] Level 1:colcon.colcon_core.package_identification:_identify(moveit_ros/warehouse) by extension 'ros'
[0.195s] DEBUG:colcon.colcon_core.package_identification:Package 'moveit_ros/warehouse' with type 'ros.ament_cmake' and name 'moveit_ros_warehouse'
[0.196s] Level 1:colcon.colcon_core.package_identification:_identify(moveit_runtime) by extensions ['ignore', 'ignore_ament_install']
[0.196s] Level 1:colcon.colcon_core.package_identification:_identify(moveit_runtime) by extension 'ignore'
[0.196s] Level 1:colcon.colcon_core.package_identification:_identify(moveit_runtime) ignored
[0.196s] Level 1:colcon.colcon_core.package_identification:_identify(moveit_setup_assistant) by extensions ['ignore', 'ignore_ament_install']
[0.196s] Level 1:colcon.colcon_core.package_identification:_identify(moveit_setup_assistant) by extension 'ignore'
[0.196s] Level 1:colcon.colcon_core.package_identification:_identify(moveit_setup_assistant) ignored
[0.196s] Level 1:colcon.colcon_core.package_discovery:discover_packages(recursive) using defaults
[0.196s] Level 1:colcon.colcon_core.package_discovery:discover_packages(ignore) discover
[0.196s] Level 1:colcon.colcon_core.package_discovery:discover_packages(ignore) using defaults
[0.196s] Level 1:colcon.colcon_core.package_discovery:discover_packages(path) discover
[0.196s] Level 1:colcon.colcon_core.package_discovery:discover_packages(path) using defaults
[0.214s] INFO:colcon.colcon_core.package_selection:Skipping not selected package 'moveit_common' in 'moveit_common'
[0.214s] INFO:colcon.colcon_core.package_selection:Skipping not selected package 'moveit_core' in 'moveit_core'
[0.214s] INFO:colcon.colcon_core.package_selection:Skipping not selected package 'moveit_ros_occupancy_map_monitor' in 'moveit_ros/occupancy_map_monitor'
[0.214s] INFO:colcon.colcon_core.package_selection:Skipping not selected package 'moveit_simple_controller_manager' in 'moveit_plugins/moveit_simple_controller_manager'
[0.214s] INFO:colcon.colcon_core.package_selection:Skipping not selected package 'moveit_ros_planning' in 'moveit_ros/planning'
[0.214s] INFO:colcon.colcon_core.package_selection:Skipping not selected package 'moveit_fake_controller_manager' in 'moveit_plugins/moveit_fake_controller_manager'
[0.214s] INFO:colcon.colcon_core.package_selection:Skipping not selected package 'moveit_kinematics' in 'moveit_kinematics'
[0.214s] INFO:colcon.colcon_core.package_selection:Skipping not selected package 'moveit_planners_ompl' in 'moveit_planners/ompl'
[0.214s] INFO:colcon.colcon_core.package_selection:Skipping not selected package 'moveit_ros_robot_interaction' in 'moveit_ros/robot_interaction'
[0.214s] INFO:colcon.colcon_core.package_selection:Skipping not selected package 'moveit_ros_warehouse' in 'moveit_ros/warehouse'
[0.214s] INFO:colcon.colcon_core.package_selection:Skipping not selected package 'moveit_ros_benchmarks' in 'moveit_ros/benchmarks'
[0.214s] INFO:colcon.colcon_core.package_selection:Skipping not selected package 'moveit_ros_move_group' in 'moveit_ros/move_group'
[0.214s] INFO:colcon.colcon_core.package_selection:Skipping not selected package 'moveit_ros_planning_interface' in 'moveit_ros/planning_interface'
[0.214s] INFO:colcon.colcon_core.package_selection:Skipping not selected package 'moveit_ros_visualization' in 'moveit_ros/visualization'
[0.214s] INFO:colcon.colcon_core.package_selection:Skipping not selected package 'run_move_group' in 'moveit_demo_nodes/run_move_group'
[0.214s] INFO:colcon.colcon_core.package_selection:Skipping not selected package 'run_moveit_cpp' in 'moveit_demo_nodes/run_moveit_cpp'
[0.217s] Level 5:colcon.colcon_core.verb:set package 'moveit_servo' build argument 'cmake_args' from command line to 'None'
[0.217s] Level 5:colcon.colcon_core.verb:set package 'moveit_servo' build argument 'cmake_target' from command line to 'None'
[0.217s] Level 5:colcon.colcon_core.verb:set package 'moveit_servo' build argument 'cmake_target_skip_unavailable' from command line to 'False'
[0.217s] Level 5:colcon.colcon_core.verb:set package 'moveit_servo' build argument 'cmake_clean_cache' from command line to 'False'
[0.217s] Level 5:colcon.colcon_core.verb:set package 'moveit_servo' build argument 'cmake_clean_first' from command line to 'False'
[0.217s] Level 5:colcon.colcon_core.verb:set package 'moveit_servo' build argument 'cmake_force_configure' from command line to 'False'
[0.217s] Level 5:colcon.colcon_core.verb:set package 'moveit_servo' build argument 'ament_cmake_args' from command line to 'None'
[0.217s] Level 5:colcon.colcon_core.verb:set package 'moveit_servo' build argument 'catkin_cmake_args' from command line to 'None'
[0.217s] Level 5:colcon.colcon_core.verb:set package 'moveit_servo' build argument 'catkin_skip_building_tests' from command line to 'False'
[0.217s] DEBUG:colcon.colcon_core.verb:Building package 'moveit_servo' with the following arguments: {'ament_cmake_args': None, 'build_base': '/home/abishalini/ws_ros2/src/moveit2/build/moveit_servo', 'catkin_cmake_args': None, 'catkin_skip_building_tests': False, 'cmake_args': None, 'cmake_clean_cache': False, 'cmake_clean_first': False, 'cmake_force_configure': False, 'cmake_target': None, 'cmake_target_skip_unavailable': False, 'install_base': '/home/abishalini/ws_ros2/src/moveit2/install/moveit_servo', 'merge_install': False, 'path': '/home/abishalini/ws_ros2/src/moveit2/moveit_ros/moveit_servo', 'symlink_install': False, 'test_result_base': None}
[0.218s] INFO:colcon.colcon_core.executor:Executing jobs using 'parallel' executor
[0.220s] DEBUG:colcon.colcon_parallel_executor.executor.parallel:run_until_complete
[0.220s] INFO:colcon.colcon_ros.task.ament_cmake.build:Building ROS package in '/home/abishalini/ws_ros2/src/moveit2/moveit_ros/moveit_servo' with build type 'ament_cmake'
[0.220s] INFO:colcon.colcon_cmake.task.cmake.build:Building CMake package in '/home/abishalini/ws_ros2/src/moveit2/moveit_ros/moveit_servo'
[0.224s] INFO:colcon.colcon_core.plugin_system:Skipping extension 'colcon_core.shell.bat': Not used on non-Windows systems
[0.225s] INFO:colcon.colcon_core.shell:Skip shell extension 'powershell' for command environment: Not usable outside of PowerShell
[0.225s] DEBUG:colcon.colcon_core.shell:Skip shell extension 'dsv' for command environment
[0.229s] DEBUG:colcon.colcon_core.shell:Ignoring prefix path '/opt/ros/foxy'
[0.229s] WARNING:colcon.colcon_core.shell:The following packages are in the workspace but haven't been built:
- moveit_common
- moveit_core
- moveit_ros_occupancy_map_monitor
- moveit_ros_planning
- moveit_kinematics
- moveit_ros_move_group
- moveit_ros_planning_interface
They are being used from the following locations instead:
- /home/abishalini/ws_ros2/install/moveit_common
- /home/abishalini/ws_ros2/install/moveit_core
- /home/abishalini/ws_ros2/install/moveit_ros_occupancy_map_monitor
- /home/abishalini/ws_ros2/install/moveit_ros_planning
- /home/abishalini/ws_ros2/install/moveit_kinematics
- /home/abishalini/ws_ros2/install/moveit_ros_move_group
- /home/abishalini/ws_ros2/install/moveit_ros_planning_interface
To suppress this warning ignore these packages in the workspace:
--packages-ignore moveit_common moveit_core moveit_ros_occupancy_map_monitor moveit_ros_planning moveit_kinematics moveit_ros_move_group moveit_ros_planning_interface
[0.237s] DEBUG:colcon.colcon_core.event_handler.log_command:Invoking command in '/home/abishalini/ws_ros2/src/moveit2/build/moveit_servo': CMAKE_PREFIX_PATH=${CMAKE_PREFIX_PATH}:/opt/ros/foxy PS1=\u@\h \[\e[1;34m\]\w \[\e[32m\]$(git_branch)\[\e[00m\]$ /usr/bin/cmake /home/abishalini/ws_ros2/src/moveit2/moveit_ros/moveit_servo -DCMAKE_INSTALL_PREFIX=/home/abishalini/ws_ros2/src/moveit2/install/moveit_servo
[19.812s] DEBUG:colcon.colcon_core.event_handler.log_command:Invoked command in '/home/abishalini/ws_ros2/src/moveit2/build/moveit_servo' returned '0': CMAKE_PREFIX_PATH=${CMAKE_PREFIX_PATH}:/opt/ros/foxy PS1=\u@\h \[\e[1;34m\]\w \[\e[32m\]$(git_branch)\[\e[00m\]$ /usr/bin/cmake /home/abishalini/ws_ros2/src/moveit2/moveit_ros/moveit_servo -DCMAKE_INSTALL_PREFIX=/home/abishalini/ws_ros2/src/moveit2/install/moveit_servo
[19.815s] DEBUG:colcon.colcon_core.event_handler.log_command:Invoking command in '/home/abishalini/ws_ros2/src/moveit2/build/moveit_servo': CMAKE_PREFIX_PATH=${CMAKE_PREFIX_PATH}:/opt/ros/foxy PS1=\u@\h \[\e[1;34m\]\w \[\e[32m\]$(git_branch)\[\e[00m\]$ /usr/bin/cmake --build /home/abishalini/ws_ros2/src/moveit2/build/moveit_servo -- -j8 -l8
[90.466s] DEBUG:colcon.colcon_core.event_handler.log_command:Invoked command in '/home/abishalini/ws_ros2/src/moveit2/build/moveit_servo' returned '2': CMAKE_PREFIX_PATH=${CMAKE_PREFIX_PATH}:/opt/ros/foxy PS1=\u@\h \[\e[1;34m\]\w \[\e[32m\]$(git_branch)\[\e[00m\]$ /usr/bin/cmake --build /home/abishalini/ws_ros2/src/moveit2/build/moveit_servo -- -j8 -l8
[90.564s] Level 1:colcon.colcon_core.environment:create_environment_scripts_only(moveit_servo)
[90.568s] Level 1:colcon.colcon_core.environment:checking '/home/abishalini/ws_ros2/src/moveit2/install/moveit_servo' for CMake module files
[90.568s] Level 1:colcon.colcon_core.environment:checking '/home/abishalini/ws_ros2/src/moveit2/install/moveit_servo' for CMake config files
[90.569s] Level 1:colcon.colcon_core.environment:checking '/home/abishalini/ws_ros2/src/moveit2/install/moveit_servo/bin'
[90.569s] Level 1:colcon.colcon_core.environment:checking '/home/abishalini/ws_ros2/src/moveit2/install/moveit_servo/lib/pkgconfig/moveit_servo.pc'
[90.569s] Level 1:colcon.colcon_core.environment:checking '/home/abishalini/ws_ros2/src/moveit2/install/moveit_servo/lib/python3.8/site-packages'
[90.570s] INFO:colcon.colcon_core.shell:Creating package script '/home/abishalini/ws_ros2/src/moveit2/install/moveit_servo/share/moveit_servo/package.ps1'
[90.571s] INFO:colcon.colcon_core.shell:Creating package descriptor '/home/abishalini/ws_ros2/src/moveit2/install/moveit_servo/share/moveit_servo/package.dsv'
[90.571s] INFO:colcon.colcon_core.shell:Creating package script '/home/abishalini/ws_ros2/src/moveit2/install/moveit_servo/share/moveit_servo/package.sh'
[90.572s] INFO:colcon.colcon_core.shell:Creating package script '/home/abishalini/ws_ros2/src/moveit2/install/moveit_servo/share/moveit_servo/package.bash'
[90.572s] INFO:colcon.colcon_core.shell:Creating package script '/home/abishalini/ws_ros2/src/moveit2/install/moveit_servo/share/moveit_servo/package.zsh'
[90.573s] Level 1:colcon.colcon_core.environment:create_file_with_runtime_dependencies(/home/abishalini/ws_ros2/src/moveit2/install/moveit_servo/share/colcon-core/packages/moveit_servo)
[90.584s] DEBUG:colcon.colcon_parallel_executor.executor.parallel:closing loop
[90.584s] DEBUG:colcon.colcon_parallel_executor.executor.parallel:loop closed
[90.584s] DEBUG:colcon.colcon_parallel_executor.executor.parallel:run_until_complete finished with '2'
[90.584s] DEBUG:colcon.colcon_core.event_reactor:joining thread
[90.595s] INFO:colcon.colcon_core.plugin_system:Skipping extension 'colcon_notification.desktop_notification.terminal_notifier': Not used on non-Darwin systems
[90.595s] INFO:colcon.colcon_core.plugin_system:Skipping extension 'colcon_notification.desktop_notification.win32': Not used on non-Windows systems
[90.595s] INFO:colcon.colcon_notification.desktop_notification:Sending desktop notification using 'notify2'
[90.614s] DEBUG:colcon.colcon_core.event_reactor:joined thread
[90.616s] INFO:colcon.colcon_core.shell:Creating prefix script '/home/abishalini/ws_ros2/src/moveit2/install/local_setup.ps1'
[90.617s] INFO:colcon.colcon_core.shell:Creating prefix util module '/home/abishalini/ws_ros2/src/moveit2/install/_local_setup_util_ps1.py'
[90.619s] INFO:colcon.colcon_core.shell:Creating prefix chain script '/home/abishalini/ws_ros2/src/moveit2/install/setup.ps1'
[90.624s] INFO:colcon.colcon_core.shell:Creating prefix script '/home/abishalini/ws_ros2/src/moveit2/install/local_setup.sh'
[90.625s] INFO:colcon.colcon_core.shell:Creating prefix util module '/home/abishalini/ws_ros2/src/moveit2/install/_local_setup_util_sh.py'
[90.626s] INFO:colcon.colcon_core.shell:Creating prefix chain script '/home/abishalini/ws_ros2/src/moveit2/install/setup.sh'
[90.630s] INFO:colcon.colcon_core.shell:Creating prefix script '/home/abishalini/ws_ros2/src/moveit2/install/local_setup.bash'
[90.631s] INFO:colcon.colcon_core.shell:Creating prefix chain script '/home/abishalini/ws_ros2/src/moveit2/install/setup.bash'
[90.637s] INFO:colcon.colcon_core.shell:Creating prefix script '/home/abishalini/ws_ros2/src/moveit2/install/local_setup.zsh'
[90.637s] INFO:colcon.colcon_core.shell:Creating prefix chain script '/home/abishalini/ws_ros2/src/moveit2/install/setup.zsh'
