[0.032s] Invoking command in '/home/abishalini/ws_ros2/src/moveit2/build/moveit_servo': CMAKE_PREFIX_PATH=${CMAKE_PREFIX_PATH}:/opt/ros/foxy PS1=\u@\h \[\e[1;34m\]\w \[\e[32m\]$(git_branch)\[\e[00m\]$ /usr/bin/cmake /home/abishalini/ws_ros2/src/moveit2/moveit_ros/moveit_servo -DCMAKE_INSTALL_PREFIX=/home/abishalini/ws_ros2/src/moveit2/install/moveit_servo
[0.205s] -- The C compiler identification is GNU 9.3.0
[0.342s] -- The CXX compiler identification is GNU 9.3.0
[0.352s] -- Check for working C compiler: /usr/bin/cc
[0.445s] -- Check for working C compiler: /usr/bin/cc -- works
[0.447s] -- Detecting C compiler ABI info
[0.540s] -- Detecting C compiler ABI info - done
[0.554s] -- Detecting C compile features
[0.555s] -- Detecting C compile features - done
[0.559s] -- Check for working CXX compiler: /usr/bin/c++
[0.666s] -- Check for working CXX compiler: /usr/bin/c++ -- works
[0.668s] -- Detecting CXX compiler ABI info
[0.781s] -- Detecting CXX compiler ABI info - done
[0.797s] -- Detecting CXX compile features
[0.798s] -- Detecting CXX compile features - done
[0.810s] -- Found moveit_common: 2.0.0 (/home/abishalini/ws_ros2/install/moveit_common/share/moveit_common/cmake)
[0.811s] moveit_servo: You did not request a specific build type: Choosing 'Release' for maximum performance
[0.821s] -- Found ament_cmake: 0.9.7 (/opt/ros/foxy/share/ament_cmake/cmake)
[0.869s] -- Found PythonInterp: /usr/bin/python3 (found suitable version "3.8.5", minimum required is "3") 
[0.869s] -- Using PYTHON_EXECUTABLE: /usr/bin/python3
[1.253s] -- Found rclcpp: 2.2.0 (/opt/ros/foxy/share/rclcpp/cmake)
[1.355s] -- Using all available rosidl_typesupport_c: rosidl_typesupport_fastrtps_c;rosidl_typesupport_introspection_c
[1.375s] -- Found rosidl_adapter: 1.1.0 (/opt/ros/foxy/share/rosidl_adapter/cmake)
[1.527s] -- Found OpenSSL: /usr/lib/x86_64-linux-gnu/libcrypto.so (found version "1.1.1f")  
[1.576s] -- Found FastRTPS: /opt/ros/foxy/include  
[1.834s] -- Using all available rosidl_typesupport_cpp: rosidl_typesupport_fastrtps_cpp;rosidl_typesupport_introspection_cpp
[1.960s] -- Found rmw_implementation_cmake: 1.0.2 (/opt/ros/foxy/share/rmw_implementation_cmake/cmake)
[1.968s] -- Using RMW implementation 'rmw_fastrtps_cpp' as default
[1.971s] -- Looking for pthread.h
[2.296s] -- Looking for pthread.h - found
[2.298s] -- Performing Test CMAKE_HAVE_LIBC_PTHREAD
[2.546s] -- Performing Test CMAKE_HAVE_LIBC_PTHREAD - Failed
[2.547s] -- Looking for pthread_create in pthreads
[2.692s] -- Looking for pthread_create in pthreads - not found
[2.692s] -- Looking for pthread_create in pthread
[2.807s] -- Looking for pthread_create in pthread - found
[2.809s] -- Found Threads: TRUE  
[3.024s] -- Found rclcpp_components: 2.2.0 (/opt/ros/foxy/share/rclcpp_components/cmake)
[3.135s] -- Found std_srvs: 2.0.3 (/opt/ros/foxy/share/std_srvs/cmake)
[3.154s] -- Found sensor_msgs: 2.0.3 (/opt/ros/foxy/share/sensor_msgs/cmake)
[3.302s] -- Found control_msgs: 2.4.1 (/opt/ros/foxy/share/control_msgs/cmake)
[3.792s] -- Found control_toolbox: 2.0.1 (/opt/ros/foxy/share/control_toolbox/cmake)
[3.862s] -- Found moveit_msgs: 0.10.0 (/home/abishalini/ws_ros2/install/moveit_msgs/share/moveit_msgs/cmake)
[5.018s] -- Found tf2_eigen: 0.13.6 (/opt/ros/foxy/share/tf2_eigen/cmake)
[5.298s] -- Found moveit_ros_planning: 2.0.0 (/home/abishalini/ws_ros2/install/moveit_ros_planning/share/moveit_ros_planning/cmake)
[5.615s] -- Found Eigen3: TRUE (found version "3.3.7") 
[13.887s] -- Found ament_cmake_gtest: 0.9.7 (/opt/ros/foxy/share/ament_cmake_gtest/cmake)
[13.900s] -- Found ros_testing: 0.2.1 (/opt/ros/foxy/share/ros_testing/cmake)
[13.906s] -- Found launch_testing_ament_cmake: 0.10.3 (/opt/ros/foxy/share/launch_testing_ament_cmake/cmake)
[13.912s] -- Found python_cmake_module: 0.8.0 (/opt/ros/foxy/share/python_cmake_module/cmake)
[13.935s] -- Found PythonInterp: /usr/bin/python3 (found suitable version "3.8.5", minimum required is "3.5") 
[13.945s] -- Found PythonLibs: /usr/lib/x86_64-linux-gnu/libpython3.8.so (found suitable version "3.8.5", minimum required is "3.5") 
[13.945s] -- Using PYTHON_EXECUTABLE: /usr/bin/python3
[13.945s] -- Using PYTHON_INCLUDE_DIRS: /usr/include/python3.8
[13.946s] -- Using PYTHON_LIBRARIES: /usr/lib/x86_64-linux-gnu/libpython3.8.so
[13.968s] -- Found PythonExtra: .so  
[13.978s] -- Found Boost: /usr/lib/x86_64-linux-gnu/cmake/Boost-1.71.0/BoostConfig.cmake (found version "1.71.0") found components: filesystem 
[13.985s] -- Found gtest sources under '/opt/ros/foxy/src/gtest_vendor': C++ tests using 'Google Test' will be built
[13.990s] -- Check if compiler accepts -pthread
[14.084s] -- Check if compiler accepts -pthread - yes
[20.403s] -- Configuring done
[21.501s] -- Generating done
[21.504s] -- Build files have been written to: /home/abishalini/ws_ros2/src/moveit2/build/moveit_servo
[21.526s] Invoked command in '/home/abishalini/ws_ros2/src/moveit2/build/moveit_servo' returned '0': CMAKE_PREFIX_PATH=${CMAKE_PREFIX_PATH}:/opt/ros/foxy PS1=\u@\h \[\e[1;34m\]\w \[\e[32m\]$(git_branch)\[\e[00m\]$ /usr/bin/cmake /home/abishalini/ws_ros2/src/moveit2/moveit_ros/moveit_servo -DCMAKE_INSTALL_PREFIX=/home/abishalini/ws_ros2/src/moveit2/install/moveit_servo
[21.531s] Invoking command in '/home/abishalini/ws_ros2/src/moveit2/build/moveit_servo': CMAKE_PREFIX_PATH=${CMAKE_PREFIX_PATH}:/opt/ros/foxy PS1=\u@\h \[\e[1;34m\]\w \[\e[32m\]$(git_branch)\[\e[00m\]$ /usr/bin/cmake --build /home/abishalini/ws_ros2/src/moveit2/build/moveit_servo -- -j8 -l8
[21.601s] [35m[1mScanning dependencies of target servo_controller_input[0m
[21.602s] [35m[1mScanning dependencies of target fake_command_publisher[0m
[21.602s] [35m[1mScanning dependencies of target gtest[0m
[21.603s] [35m[1mScanning dependencies of target gtest_main[0m
[21.604s] [35m[1mScanning dependencies of target test_servo_parameters_node[0m
[21.604s] [35m[1mScanning dependencies of target moveit_servo[0m
[21.639s] [  2%] [32mBuilding CXX object gtest/CMakeFiles/gtest_main.dir/src/gtest_main.cc.o[0m
[21.642s] [  5%] [32mBuilding CXX object gtest/CMakeFiles/gtest.dir/src/gtest-all.cc.o[0m
[21.687s] [  7%] [32mBuilding CXX object CMakeFiles/fake_command_publisher.dir/test/publish_fake_jog_commands.cpp.o[0m
[21.691s] [ 10%] [32mBuilding CXX object CMakeFiles/test_servo_parameters_node.dir/test/test_servo_parameters_node.cpp.o[0m
[21.697s] [ 13%] [32mBuilding CXX object CMakeFiles/servo_controller_input.dir/src/teleop_demo/joystick_servo_example.cpp.o[0m
[21.927s] [ 15%] [32mBuilding CXX object CMakeFiles/moveit_servo.dir/src/servo_calcs.cpp.o[0m
[21.948s] [ 18%] [32mBuilding CXX object CMakeFiles/moveit_servo.dir/src/collision_check.cpp.o[0m
[21.975s] [ 21%] [32mBuilding CXX object CMakeFiles/moveit_servo.dir/src/servo.cpp.o[0m
[23.452s] [ 23%] [32m[1mLinking CXX static library libgtest_main.a[0m
[23.630s] [ 23%] Built target gtest_main
[23.666s] [ 26%] [32mBuilding CXX object CMakeFiles/moveit_servo.dir/src/low_pass_filter.cpp.o[0m
[24.374s] [ 28%] [32mBuilding CXX object CMakeFiles/moveit_servo.dir/include/moveit_servo/servo_parameters.cpp.o[0m
[37.867s] [ 31%] [32m[1mLinking CXX executable test_servo_parameters_node[0m
[38.191s] [ 34%] [32m[1mLinking CXX executable fake_command_publisher[0m
[38.715s] [ 34%] Built target fake_command_publisher
[38.786s] [ 34%] Built target test_servo_parameters_node
[49.258s] [ 36%] [32m[1mLinking CXX static library libgtest.a[0m
[49.460s] [ 36%] Built target gtest
[49.504s] [35m[1mScanning dependencies of target test_servo_integration[0m
[49.522s] [35m[1mScanning dependencies of target test_servo_singularity[0m
[49.526s] [35m[1mScanning dependencies of target test_servo_collision[0m
[49.780s] [ 39%] [32mBuilding CXX object CMakeFiles/test_servo_collision.dir/test/test_servo_collision.cpp.o[0m
[49.793s] [ 42%] [32mBuilding CXX object CMakeFiles/test_servo_integration.dir/test/test_servo_interface.cpp.o[0m
[49.827s] [ 44%] [32mBuilding CXX object CMakeFiles/test_servo_singularity.dir/test/test_servo_singularity.cpp.o[0m
[76.839s] [ 47%] [32m[1mLinking CXX shared library libservo_controller_input.so[0m
